2026-06-17 16:01:49,121 - INFO - Starting Paper Trading Bot...
2026-06-17 16:01:49,122 - INFO - Exchange: coindcx, Symbol: BTC/USDT, Timeframe: 5m
2026-06-17 16:03:30,475 - INFO - Starting Paper Trading Bot...
2026-06-17 16:03:30,475 - INFO - Exchange: binance, Symbol: BTC/USDT, Timeframe: 5m
2026-06-17 16:15:15,951 - INFO - Starting Paper Trading Bot...
2026-06-17 16:15:15,951 - INFO - Exchange: binance, Symbol: BTC/USDT, Timeframe: 5m
2026-06-17 17:11:35,103 - ERROR - Error fetching data: binance GET https://api.binance.com/api/v3/exchangeInfo
2026-06-17 17:12:05,458 - ERROR - Error fetching data: binance GET https://api.binance.com/api/v3/exchangeInfo
2026-06-17 17:12:36,061 - ERROR - Error fetching data: binance GET https://api.binance.com/api/v3/exchangeInfo
2026-06-17 17:21:10,139 - INFO - Closed BUY position at 64832.41 | PnL: 0.07 | Reason: Consensus
2026-06-17 21:02:03,949 - INFO - [NOTIFICATION] [BUY] BUY (Long) @ $65489.46
2026-06-17 21:12:20,528 - INFO - [NOTIFICATION] [TRAILING_STOP] Trailing stop activated — SL moved to breakeven $65489.46
2026-06-17 21:28:03,094 - INFO - Closed BUY @ 65842.00 | PnL: 13.4581 | Reason: Consensus
2026-06-17 21:28:03,102 - INFO - [NOTIFICATION] [SELL] SELL closed Long @ $65842.00
2026-06-17 21:50:20,363 - INFO - [NOTIFICATION] [BUY] BUY (Long) @ $66247.99
2026-06-17 21:50:20,375 - INFO - [NOTIFICATION] [BUY] BUY (Long) @ $66247.99
2026-06-17 22:43:42,823 - INFO - Closed BUY @ 65942.82 | PnL: -11.5162 | Reason: Stop Loss (ATR)
2026-06-17 22:43:42,833 - INFO - [NOTIFICATION] [STOP_LOSS] Stop Loss hit at $65942.82
2026-06-17 22:43:42,850 - INFO - Closed BUY @ 65942.82 | PnL: -11.5162 | Reason: Stop Loss (ATR)
2026-06-17 22:43:42,860 - INFO - [NOTIFICATION] [STOP_LOSS] Stop Loss hit at $65942.82
2026-06-17 22:48:53,982 - INFO - [NOTIFICATION] [BUY] BUY (Long) @ $65984.01
2026-06-17 22:49:58,077 - INFO - Closed BUY @ 65958.24 | PnL: -0.9741 | Reason: Consensus
2026-06-17 22:49:58,082 - INFO - [NOTIFICATION] [SELL] SELL closed Long @ $65958.24
2026-06-17 22:51:33,352 - INFO - [NOTIFICATION] [SELL] SELL (Short) @ $65966.27
2026-06-17 22:52:05,203 - INFO - Closed SELL @ 65974.00 | PnL: -0.2922 | Reason: Consensus
2026-06-17 22:52:05,209 - INFO - [NOTIFICATION] [BUY] BUY closed Short @ $65974.00
2026-06-17 22:53:40,537 - INFO - [NOTIFICATION] [BUY] BUY (Long) @ $65983.99
2026-06-17 22:54:12,256 - INFO - Closed BUY @ 65945.00 | PnL: -1.4735 | Reason: Consensus
2026-06-17 22:54:12,260 - INFO - [NOTIFICATION] [SELL] SELL closed Long @ $65945.00
2026-06-17 22:55:47,522 - INFO - [NOTIFICATION] [SELL] SELL (Short) @ $65968.00
2026-06-17 22:56:19,292 - INFO - Closed SELL @ 65987.03 | PnL: -0.7191 | Reason: Consensus
2026-06-17 22:56:19,297 - INFO - [NOTIFICATION] [BUY] BUY closed Short @ $65987.03
2026-06-17 22:57:54,474 - INFO - [NOTIFICATION] [SELL] SELL (Short) @ $65912.93
2026-06-17 23:01:37,953 - INFO - Closed SELL @ 65960.06 | PnL: -1.7822 | Reason: Consensus
2026-06-17 23:01:37,958 - INFO - [NOTIFICATION] [BUY] BUY closed Short @ $65960.06
2026-06-17 23:02:57,050 - INFO - [NOTIFICATION] [SELL] SELL (Short) @ $65913.29
2026-06-18 09:22:51,343 - INFO - [NOTIFICATION] [TRAILING_STOP] Trailing stop activated — SL moved to breakeven $65913.29
2026-06-18 09:22:51,345 - INFO - Closed SELL @ 64290.09 | PnL: 61.3594 | Reason: Take Profit (ATR)
2026-06-18 09:22:51,347 - INFO - [NOTIFICATION] [TAKE_PROFIT] Take Profit hit at $64290.09
2026-06-18 09:23:53,798 - INFO - [NOTIFICATION] [SELL] SELL (Short) @ $64267.87
2026-06-18 09:24:00,763 - INFO - [NOTIFICATION] [SELL] SELL (Short) @ $64262.01
2026-06-18 09:31:03,792 - INFO - [NOTIFICATION] [TRAILING_STOP] Trailing stop activated — SL moved to breakeven $64267.87
2026-06-18 09:31:03,809 - INFO - [NOTIFICATION] [TRAILING_STOP] Trailing stop activated — SL moved to breakeven $64262.01
2026-06-18 09:31:03,810 - INFO - Closed SELL @ 64168.00 | PnL: 3.6899 | Reason: Consensus
2026-06-18 09:31:03,812 - INFO - [NOTIFICATION] [BUY] BUY closed Short @ $64168.00
2026-06-18 09:32:37,345 - INFO - [NOTIFICATION] [BUY] BUY (Long) @ $64140.79
2026-06-18 09:34:10,920 - INFO - Closed SELL @ 63968.73 | PnL: 11.6365 | Reason: Take Profit (ATR)
2026-06-18 09:34:10,922 - INFO - [NOTIFICATION] [TAKE_PROFIT] Take Profit hit at $63968.73
2026-06-18 09:34:10,939 - INFO - Closed BUY @ 63968.73 | PnL: -6.7711 | Reason: Stop Loss (ATR)
2026-06-18 09:34:10,941 - INFO - [NOTIFICATION] [STOP_LOSS] Stop Loss hit at $63968.73
2026-06-18 09:35:13,366 - INFO - [NOTIFICATION] [BUY] BUY (Long) @ $64026.00
2026-06-18 09:35:44,616 - INFO - [NOTIFICATION] [BUY] BUY (Long) @ $64015.88
2026-06-18 09:35:44,620 - INFO - Closed BUY @ 64015.88 | PnL: -0.3942 | Reason: Consensus
2026-06-18 09:35:44,623 - INFO - [NOTIFICATION] [SELL] SELL closed Long @ $64015.88
2026-06-18 09:37:20,688 - INFO - [NOTIFICATION] [SELL] SELL (Short) @ $63939.93
2026-06-18 09:38:24,702 - INFO - Closed SELL @ 64014.39 | PnL: -2.9044 | Reason: Consensus
2026-06-18 09:38:24,706 - INFO - [NOTIFICATION] [BUY] BUY closed Short @ $64014.39
2026-06-18 09:38:56,727 - INFO - Closed BUY @ 64095.20 | PnL: 3.1234 | Reason: Consensus
2026-06-18 09:38:56,731 - INFO - [NOTIFICATION] [SELL] SELL closed Long @ $64095.20
2026-06-18 09:40:00,915 - INFO - [NOTIFICATION] [SELL] SELL (Short) @ $64102.00
2026-06-18 09:40:32,977 - INFO - [NOTIFICATION] [BUY] BUY (Long) @ $64058.00
2026-06-18 09:41:05,112 - INFO - [NOTIFICATION] [TRAILING_STOP] Trailing stop activated — SL moved to breakeven $64102.00
2026-06-18 09:44:16,694 - INFO - Closed SELL @ 63954.38 | PnL: 5.7402 | Reason: Consensus
2026-06-18 09:44:16,698 - INFO - [NOTIFICATION] [BUY] BUY closed Short @ $63954.38
2026-06-18 09:45:52,482 - INFO - [NOTIFICATION] [SELL] SELL (Short) @ $63988.01
2026-06-18 09:47:28,896 - INFO - Closed BUY @ 63985.04 | PnL: -2.8728 | Reason: Consensus
2026-06-18 09:47:28,900 - INFO - [NOTIFICATION] [SELL] SELL closed Long @ $63985.04
2026-06-18 09:49:04,702 - INFO - [NOTIFICATION] [BUY] BUY (Long) @ $64018.01
2026-06-18 09:50:08,458 - INFO - [NOTIFICATION] [SELL] SELL (Short) @ $63952.01
2026-06-18 09:50:08,496 - INFO - Closed BUY @ 63952.01 | PnL: -2.5989 | Reason: Consensus
2026-06-18 09:50:08,499 - INFO - [NOTIFICATION] [SELL] SELL closed Long @ $63952.01
2026-06-18 09:51:44,325 - INFO - [NOTIFICATION] [SELL] SELL (Short) @ $63958.86
2026-06-18 09:52:31,044 - INFO - Closed SELL @ 63957.59 | PnL: 0.0500 | Reason: Consensus
2026-06-18 09:52:31,048 - INFO - [NOTIFICATION] [BUY] BUY closed Short @ $63957.59
2026-06-18 09:53:20,823 - INFO - [NOTIFICATION] [SELL] SELL (Short) @ $63938.20
2026-06-18 09:53:35,162 - INFO - [NOTIFICATION] [TRAILING_STOP] Trailing stop activated — SL moved to breakeven $63988.01
2026-06-18 09:55:29,109 - INFO - Closed SELL @ 63947.53 | PnL: -0.3677 | Reason: Consensus
2026-06-18 09:55:29,113 - INFO - [NOTIFICATION] [BUY] BUY closed Short @ $63947.53
2026-06-18 09:56:15,249 - INFO - [NOTIFICATION] [BUY] BUY (Long) @ $63912.54
2026-06-18 10:02:48,025 - INFO - Closed BUY @ 63915.38 | PnL: 0.1120 | Reason: Consensus
2026-06-18 10:02:48,029 - INFO - [NOTIFICATION] [SELL] SELL closed Long @ $63915.38
2026-06-18 10:04:23,905 - INFO - [NOTIFICATION] [SELL] SELL (Short) @ $63926.01
2026-06-18 10:04:56,014 - INFO - Closed SELL @ 63931.99 | PnL: -0.2357 | Reason: Consensus
2026-06-18 10:04:56,018 - INFO - [NOTIFICATION] [BUY] BUY closed Short @ $63931.99
2026-06-18 10:06:27,978 - INFO - [NOTIFICATION] [SELL] SELL (Short) @ $63892.00
2026-06-18 10:08:36,053 - INFO - [NOTIFICATION] [TRAILING_STOP] Trailing stop activated — SL moved to breakeven $63952.01
2026-06-18 10:08:36,114 - INFO - Closed SELL @ 63851.16 | PnL: 5.3370 | Reason: Take Profit (ATR)
2026-06-18 10:08:36,117 - INFO - [NOTIFICATION] [TAKE_PROFIT] Take Profit hit at $63851.16
2026-06-18 10:14:02,848 - INFO - Closed SELL @ 63858.80 | PnL: 1.3091 | Reason: Consensus
2026-06-18 10:14:02,852 - INFO - [NOTIFICATION] [BUY] BUY closed Short @ $63858.80
2026-06-18 10:14:52,236 - INFO - [NOTIFICATION] [BUY] BUY (Long) @ $63876.01
2026-06-18 10:15:39,378 - INFO - Closed BUY @ 63842.43 | PnL: -1.3248 | Reason: Consensus
2026-06-18 10:15:39,383 - INFO - [NOTIFICATION] [SELL] SELL closed Long @ $63842.43
2026-06-18 10:16:28,467 - INFO - [NOTIFICATION] [BUY] BUY (Long) @ $63865.99
2026-06-18 10:17:32,451 - INFO - Closed BUY @ 63934.29 | PnL: 2.6943 | Reason: Consensus
2026-06-18 10:17:32,455 - INFO - [NOTIFICATION] [SELL] SELL closed Long @ $63934.29
2026-06-18 10:18:19,954 - INFO - [NOTIFICATION] [SELL] SELL (Short) @ $63914.00
2026-06-18 10:19:24,166 - INFO - Closed SELL @ 63965.01 | PnL: -0.5094 | Reason: Stop Loss (ATR)
2026-06-18 10:19:24,170 - INFO - [NOTIFICATION] [STOP_LOSS] Stop Loss hit at $63965.01
2026-06-18 10:22:20,050 - INFO - [NOTIFICATION] [SELL] SELL (Short) @ $63890.01
2026-06-18 10:22:37,132 - INFO - Closed SELL @ 63894.83 | PnL: 0.7560 | Reason: Consensus
2026-06-18 10:22:37,137 - INFO - [NOTIFICATION] [BUY] BUY closed Short @ $63894.83
2026-06-18 10:23:24,420 - INFO - [NOTIFICATION] [SELL] SELL (Short) @ $63850.00
2026-06-18 10:26:54,213 - INFO - Closed SELL @ 63791.90 | PnL: 2.2940 | Reason: Consensus
2026-06-18 10:26:54,217 - INFO - [NOTIFICATION] [BUY] BUY closed Short @ $63791.90
2026-06-18 10:27:26,222 - INFO - [NOTIFICATION] [TRAILING_STOP] Trailing stop activated — SL moved to breakeven $63890.01
2026-06-18 10:28:29,990 - INFO - [NOTIFICATION] [BUY] BUY (Long) @ $63755.04
2026-06-18 10:32:44,435 - INFO - Closed SELL @ 63895.63 | PnL: -0.2204 | Reason: Stop Loss (ATR)
2026-06-18 10:32:44,439 - INFO - [NOTIFICATION] [STOP_LOSS] Stop Loss hit at $63895.63
2026-06-18 10:32:44,470 - INFO - [NOTIFICATION] [TRAILING_STOP] Trailing stop activated — SL moved to breakeven $63755.04
2026-06-18 10:32:44,473 - INFO - Closed BUY @ 63895.63 | PnL: 5.5619 | Reason: Consensus
2026-06-18 10:32:44,477 - INFO - [NOTIFICATION] [SELL] SELL closed Long @ $63895.63
2026-06-18 10:34:19,870 - INFO - [NOTIFICATION] [BUY] BUY (Long) @ $63944.01
2026-06-18 10:35:55,202 - INFO - Closed BUY @ 63900.00 | PnL: -1.7379 | Reason: Consensus
2026-06-18 10:35:55,205 - INFO - [NOTIFICATION] [SELL] SELL closed Long @ $63900.00
2026-06-18 10:37:31,357 - INFO - [NOTIFICATION] [SELL] SELL (Short) @ $63920.00
2026-06-18 10:37:31,368 - INFO - [NOTIFICATION] [SELL] SELL (Short) @ $63920.00
2026-06-18 11:58:25,917 - INFO - Closed SELL @ 64061.28 | PnL: -5.5377 | Reason: Stop Loss (ATR)
2026-06-18 11:58:25,922 - INFO - [NOTIFICATION] [STOP_LOSS] Stop Loss hit at $64061.28
2026-06-18 11:58:25,959 - INFO - Closed SELL @ 64061.28 | PnL: -5.5790 | Reason: Stop Loss (ATR)
2026-06-18 11:58:25,964 - INFO - [NOTIFICATION] [STOP_LOSS] Stop Loss hit at $64061.28
2026-06-18 12:00:02,617 - INFO - [NOTIFICATION] [SELL] SELL (Short) @ $64048.00
2026-06-18 12:00:02,633 - INFO - [NOTIFICATION] [SELL] SELL (Short) @ $64048.00
2026-06-18 12:38:15,121 - INFO - Closed SELL @ 64183.32 | PnL: -5.2876 | Reason: Stop Loss (ATR)
2026-06-18 12:38:15,125 - INFO - [NOTIFICATION] [STOP_LOSS] Stop Loss hit at $64183.32
2026-06-18 12:38:15,155 - INFO - Closed SELL @ 64183.32 | PnL: -5.3271 | Reason: Stop Loss (ATR)
2026-06-18 12:38:15,159 - INFO - [NOTIFICATION] [STOP_LOSS] Stop Loss hit at $64183.32
2026-06-18 12:39:52,515 - INFO - [NOTIFICATION] [SELL] SELL (Short) @ $64187.02
2026-06-18 12:42:35,149 - INFO - [NOTIFICATION] [SELL] SELL (Short) @ $64170.96
2026-06-18 12:50:46,498 - INFO - Closed SELL @ 64302.16 | PnL: -5.1114 | Reason: Stop Loss (ATR)
2026-06-18 12:50:46,502 - INFO - [NOTIFICATION] [STOP_LOSS] Stop Loss hit at $64302.16
2026-06-18 12:50:46,542 - INFO - Closed SELL @ 64302.16 | PnL: -4.5181 | Reason: Consensus
2026-06-18 12:50:46,547 - INFO - [NOTIFICATION] [BUY] BUY closed Short @ $64302.16
2026-06-18 12:52:24,876 - INFO - [NOTIFICATION] [BUY] BUY (Long) @ $64304.58
2026-06-18 12:52:58,074 - INFO - [NOTIFICATION] [SELL] SELL (Short) @ $64288.17
2026-06-18 12:52:58,083 - INFO - Closed BUY @ 64288.17 | PnL: -0.6422 | Reason: Consensus
2026-06-18 12:52:58,087 - INFO - [NOTIFICATION] [SELL] SELL closed Long @ $64288.17
2026-06-18 12:54:38,402 - INFO - [NOTIFICATION] [SELL] SELL (Short) @ $64279.99
2026-06-18 12:59:29,093 - INFO - Closed SELL @ 64409.12 | PnL: -5.0545 | Reason: Stop Loss (ATR)
2026-06-18 12:59:29,097 - INFO - [NOTIFICATION] [STOP_LOSS] Stop Loss hit at $64409.12
2026-06-18 12:59:40,012 - INFO - [NOTIFICATION] [BUY] BUY (Long) @ $65555.48
2026-06-18 12:59:40,136 - INFO - Closed BUY @ 66211.99 | PnL: 25.1042 | Reason: Consensus
2026-06-18 12:59:40,151 - INFO - [NOTIFICATION] [BUY] BUY (Long) @ $66300.99
2026-06-18 12:59:40,157 - INFO - Closed BUY @ 66283.99 | PnL: -0.6460 | Reason: Consensus
2026-06-18 12:59:40,168 - INFO - [NOTIFICATION] [BUY] BUY (Long) @ $66470.00
2026-06-18 12:59:40,173 - INFO - Closed BUY @ 66563.49 | PnL: 3.5430 | Reason: Consensus
2026-06-18 12:59:40,182 - INFO - [NOTIFICATION] [BUY] BUY (Long) @ $66587.98
2026-06-18 12:59:40,221 - INFO - Closed BUY @ 67170.67 | PnL: 22.0584 | Reason: Consensus
2026-06-18 12:59:40,233 - INFO - [NOTIFICATION] [BUY] BUY (Long) @ $66896.66
2026-06-18 12:59:40,254 - INFO - Closed BUY @ 66766.12 | PnL: -4.9405 | Reason: Consensus
2026-06-18 12:59:40,640 - INFO - [NOTIFICATION] [BUY] BUY (Long) @ $66850.00
2026-06-18 12:59:40,652 - INFO - Closed BUY @ 66617.65 | PnL: -8.7912 | Reason: Consensus
2026-06-18 12:59:40,728 - INFO - [NOTIFICATION] [BUY] BUY (Long) @ $65807.33
2026-06-18 12:59:40,733 - INFO - Closed BUY @ 65878.00 | PnL: 2.7115 | Reason: Consensus
2026-06-18 12:59:40,751 - INFO - [NOTIFICATION] [BUY] BUY (Long) @ $65980.46
2026-06-18 12:59:40,758 - INFO - Closed BUY @ 66110.65 | PnL: 4.9848 | Reason: Consensus
2026-06-18 12:59:40,797 - INFO - [NOTIFICATION] [BUY] BUY (Long) @ $66348.00
2026-06-18 12:59:40,808 - INFO - Closed BUY @ 66388.00 | PnL: 1.5246 | Reason: Consensus
2026-06-18 12:59:40,820 - INFO - [NOTIFICATION] [BUY] BUY (Long) @ $66336.35
2026-06-18 12:59:40,888 - INFO - Closed BUY @ 66041.30 | PnL: -11.2509 | Reason: Consensus
2026-06-18 12:59:40,901 - INFO - [NOTIFICATION] [BUY] BUY (Long) @ $65568.01
2026-06-18 12:59:40,906 - INFO - Closed BUY @ 65663.99 | PnL: 3.6946 | Reason: Consensus
2026-06-18 12:59:41,099 - INFO - [NOTIFICATION] [BUY] BUY (Long) @ $64922.01
2026-06-18 12:59:41,105 - INFO - Closed BUY @ 64962.95 | PnL: 1.5928 | Reason: Consensus
2026-06-18 12:59:41,159 - INFO - [NOTIFICATION] [BUY] BUY (Long) @ $65280.00
2026-06-18 12:59:41,170 - INFO - Closed BUY @ 65204.76 | PnL: -2.9120 | Reason: Consensus
2026-06-18 12:59:41,181 - INFO - [NOTIFICATION] [BUY] BUY (Long) @ $65266.18
2026-06-18 12:59:41,205 - INFO - Closed BUY @ 65929.29 | PnL: 25.6553 | Reason: Consensus
2026-06-18 12:59:41,225 - INFO - [NOTIFICATION] [BUY] BUY (Long) @ $65478.02
2026-06-18 12:59:41,238 - INFO - Closed BUY @ 65453.99 | PnL: -0.9314 | Reason: Consensus
2026-06-18 12:59:41,255 - INFO - [NOTIFICATION] [BUY] BUY (Long) @ $64167.98
2026-06-18 12:59:41,260 - INFO - Closed BUY @ 64365.29 | PnL: 7.8024 | Reason: Consensus
2026-06-18 12:59:41,355 - INFO - [NOTIFICATION] [BUY] BUY (Long) @ $63985.04
2026-06-18 12:59:41,358 - INFO - Closed BUY @ 63951.98 | PnL: -1.3131 | Reason: Consensus
2026-06-18 12:59:41,372 - INFO - [NOTIFICATION] [BUY] BUY (Long) @ $63774.10
2026-06-18 12:59:41,377 - INFO - Closed BUY @ 63926.00 | PnL: 6.0516 | Reason: Consensus
2026-06-18 13:00:01,661 - INFO - Closed SELL @ 64438.71 | PnL: -5.8482 | Reason: Stop Loss (ATR)
2026-06-18 13:00:01,665 - INFO - [NOTIFICATION] [STOP_LOSS] Stop Loss hit at $64438.71
2026-06-18 13:00:53,619 - INFO - [NOTIFICATION] [BUY] BUY (Long) @ $64438.01
2026-06-18 13:01:46,976 - INFO - [NOTIFICATION] [BUY] BUY (Long) @ $65555.48
2026-06-18 13:01:47,101 - INFO - Closed BUY @ 66211.99 | PnL: 25.4744 | Reason: Consensus
2026-06-18 13:01:47,116 - INFO - [NOTIFICATION] [BUY] BUY (Long) @ $66300.99
2026-06-18 13:01:47,121 - INFO - Closed BUY @ 66283.99 | PnL: -0.6555 | Reason: Consensus
2026-06-18 13:01:47,131 - INFO - [NOTIFICATION] [BUY] BUY (Long) @ $66470.00
2026-06-18 13:01:47,137 - INFO - Closed BUY @ 66563.49 | PnL: 3.5952 | Reason: Consensus
2026-06-18 13:01:47,145 - INFO - [NOTIFICATION] [BUY] BUY (Long) @ $66587.98
2026-06-18 13:01:47,186 - INFO - Closed BUY @ 67170.67 | PnL: 22.3837 | Reason: Consensus
2026-06-18 13:01:47,199 - INFO - [NOTIFICATION] [BUY] BUY (Long) @ $66896.66
2026-06-18 13:01:47,219 - INFO - Closed BUY @ 66766.12 | PnL: -5.0133 | Reason: Consensus
2026-06-18 13:01:47,661 - INFO - [NOTIFICATION] [BUY] BUY (Long) @ $66850.00
2026-06-18 13:01:47,673 - INFO - Closed BUY @ 66617.65 | PnL: -8.9208 | Reason: Consensus
2026-06-18 13:01:47,751 - INFO - [NOTIFICATION] [BUY] BUY (Long) @ $65807.33
2026-06-18 13:01:47,756 - INFO - Closed BUY @ 65878.00 | PnL: 2.7515 | Reason: Consensus
2026-06-18 13:01:47,771 - INFO - [NOTIFICATION] [BUY] BUY (Long) @ $65980.46
2026-06-18 13:01:47,778 - INFO - Closed BUY @ 66110.65 | PnL: 5.0583 | Reason: Consensus
2026-06-18 13:01:47,815 - INFO - [NOTIFICATION] [BUY] BUY (Long) @ $66348.00
2026-06-18 13:01:47,827 - INFO - Closed BUY @ 66388.00 | PnL: 1.5470 | Reason: Consensus
2026-06-18 13:01:47,838 - INFO - [NOTIFICATION] [BUY] BUY (Long) @ $66336.35
2026-06-18 13:01:47,904 - INFO - Closed BUY @ 66041.30 | PnL: -11.4168 | Reason: Consensus
2026-06-18 13:01:47,921 - INFO - [NOTIFICATION] [BUY] BUY (Long) @ $65568.01
2026-06-18 13:01:47,928 - INFO - Closed BUY @ 65663.99 | PnL: 3.7491 | Reason: Consensus
2026-06-18 13:01:48,124 - INFO - [NOTIFICATION] [BUY] BUY (Long) @ $64922.01
2026-06-18 13:01:48,130 - INFO - Closed BUY @ 64962.95 | PnL: 1.6162 | Reason: Consensus
2026-06-18 13:01:48,187 - INFO - [NOTIFICATION] [BUY] BUY (Long) @ $65280.00
2026-06-18 13:01:48,199 - INFO - Closed BUY @ 65204.76 | PnL: -2.9550 | Reason: Consensus
2026-06-18 13:01:48,209 - INFO - [NOTIFICATION] [BUY] BUY (Long) @ $65266.18
2026-06-18 13:01:48,232 - INFO - Closed BUY @ 65929.29 | PnL: 26.0336 | Reason: Consensus
2026-06-18 13:01:48,252 - INFO - [NOTIFICATION] [BUY] BUY (Long) @ $65478.02
2026-06-18 13:01:48,264 - INFO - Closed BUY @ 65453.99 | PnL: -0.9451 | Reason: Consensus
2026-06-18 13:01:48,279 - INFO - [NOTIFICATION] [BUY] BUY (Long) @ $64167.98
2026-06-18 13:01:48,285 - INFO - Closed BUY @ 64365.29 | PnL: 7.9175 | Reason: Consensus
2026-06-18 13:01:48,379 - INFO - [NOTIFICATION] [BUY] BUY (Long) @ $63985.04
2026-06-18 13:01:48,382 - INFO - Closed BUY @ 63951.98 | PnL: -1.3324 | Reason: Consensus
2026-06-18 13:01:48,397 - INFO - [NOTIFICATION] [BUY] BUY (Long) @ $63774.10
2026-06-18 13:01:48,402 - INFO - Closed BUY @ 63926.00 | PnL: 6.1408 | Reason: Consensus
2026-06-18 13:02:06,158 - INFO - [NOTIFICATION] [BUY] BUY (Long) @ $65555.48
2026-06-18 13:02:06,278 - INFO - Closed BUY @ 66211.99 | PnL: 25.8501 | Reason: Consensus
2026-06-18 13:02:06,293 - INFO - [NOTIFICATION] [BUY] BUY (Long) @ $66300.99
2026-06-18 13:02:06,298 - INFO - Closed BUY @ 66283.99 | PnL: -0.6652 | Reason: Consensus
2026-06-18 13:02:06,308 - INFO - [NOTIFICATION] [BUY] BUY (Long) @ $66470.00
2026-06-18 13:02:06,313 - INFO - Closed BUY @ 66563.49 | PnL: 3.6482 | Reason: Consensus
2026-06-18 13:02:06,322 - INFO - [NOTIFICATION] [BUY] BUY (Long) @ $66587.98
2026-06-18 13:02:06,361 - INFO - Closed BUY @ 67170.67 | PnL: 22.7138 | Reason: Consensus
2026-06-18 13:02:06,373 - INFO - [NOTIFICATION] [BUY] BUY (Long) @ $66896.66
2026-06-18 13:02:06,394 - INFO - Closed BUY @ 66766.12 | PnL: -5.0873 | Reason: Consensus
2026-06-18 13:02:06,797 - INFO - [NOTIFICATION] [BUY] BUY (Long) @ $66850.00
2026-06-18 13:02:06,808 - INFO - Closed BUY @ 66617.65 | PnL: -9.0524 | Reason: Consensus
2026-06-18 13:02:06,886 - INFO - [NOTIFICATION] [BUY] BUY (Long) @ $65807.33
2026-06-18 13:02:06,890 - INFO - Closed BUY @ 65878.00 | PnL: 2.7921 | Reason: Consensus
2026-06-18 13:02:06,904 - INFO - [NOTIFICATION] [BUY] BUY (Long) @ $65980.46
2026-06-18 13:02:06,911 - INFO - Closed BUY @ 66110.65 | PnL: 5.1329 | Reason: Consensus
2026-06-18 13:02:06,945 - INFO - [NOTIFICATION] [BUY] BUY (Long) @ $66348.00
2026-06-18 13:02:06,956 - INFO - Closed BUY @ 66388.00 | PnL: 1.5699 | Reason: Consensus
2026-06-18 13:02:06,968 - INFO - [NOTIFICATION] [BUY] BUY (Long) @ $66336.35
2026-06-18 13:02:07,033 - INFO - Closed BUY @ 66041.30 | PnL: -11.5852 | Reason: Consensus
2026-06-18 13:02:07,047 - INFO - [NOTIFICATION] [BUY] BUY (Long) @ $65568.01
2026-06-18 13:02:07,052 - INFO - Closed BUY @ 65663.99 | PnL: 3.8043 | Reason: Consensus
2026-06-18 13:02:07,242 - INFO - [NOTIFICATION] [BUY] BUY (Long) @ $64922.01
2026-06-18 13:02:07,247 - INFO - Closed BUY @ 64962.95 | PnL: 1.6401 | Reason: Consensus
2026-06-18 13:02:07,301 - INFO - [NOTIFICATION] [BUY] BUY (Long) @ $65280.00
2026-06-18 13:02:07,313 - INFO - Closed BUY @ 65204.76 | PnL: -2.9986 | Reason: Consensus
2026-06-18 13:02:07,324 - INFO - [NOTIFICATION] [BUY] BUY (Long) @ $65266.18
2026-06-18 13:02:07,349 - INFO - Closed BUY @ 65929.29 | PnL: 26.4176 | Reason: Consensus
2026-06-18 13:02:07,369 - INFO - [NOTIFICATION] [BUY] BUY (Long) @ $65478.02
2026-06-18 13:02:07,382 - INFO - Closed BUY @ 65453.99 | PnL: -0.9591 | Reason: Consensus
2026-06-18 13:02:07,397 - INFO - [NOTIFICATION] [BUY] BUY (Long) @ $64167.98
2026-06-18 13:02:07,402 - INFO - Closed BUY @ 64365.29 | PnL: 8.0343 | Reason: Consensus
2026-06-18 13:02:07,496 - INFO - [NOTIFICATION] [BUY] BUY (Long) @ $63985.04
2026-06-18 13:02:07,499 - INFO - Closed BUY @ 63951.98 | PnL: -1.3521 | Reason: Consensus
2026-06-18 13:02:07,515 - INFO - [NOTIFICATION] [BUY] BUY (Long) @ $63774.10
2026-06-18 13:02:07,521 - INFO - Closed BUY @ 63926.00 | PnL: 6.2314 | Reason: Consensus
2026-06-18 13:02:30,327 - INFO - Closed BUY @ 64454.00 | PnL: 0.6237 | Reason: Consensus
2026-06-18 13:02:30,333 - INFO - [NOTIFICATION] [SELL] SELL closed Long @ $64454.00
2026-06-18 13:03:02,475 - INFO - [NOTIFICATION] [SELL] SELL (Short) @ $64452.00
2026-06-18 13:04:05,940 - INFO - [NOTIFICATION] [SELL] SELL (Short) @ $64431.99
2026-06-18 13:08:50,944 - INFO - Closed SELL @ 64441.99 | PnL: -0.3902 | Reason: Consensus
2026-06-18 13:08:50,948 - INFO - [NOTIFICATION] [BUY] BUY closed Short @ $64441.99
2026-06-18 13:10:20,925 - INFO - [NOTIFICATION] [BUY] BUY (Long) @ $64489.57
2026-06-18 13:12:37,459 - INFO - Closed BUY @ 64470.11 | PnL: -0.7585 | Reason: Consensus
2026-06-18 13:12:37,463 - INFO - [NOTIFICATION] [SELL] SELL closed Long @ $64470.11
2026-06-18 13:13:12,889 - INFO - [NOTIFICATION] [SELL] SELL (Short) @ $64466.73
2026-06-18 13:19:36,232 - INFO - Closed SELL @ 64465.99 | PnL: 0.0288 | Reason: Consensus
2026-06-18 13:19:36,235 - INFO - [NOTIFICATION] [BUY] BUY closed Short @ $64465.99
2026-06-18 13:20:24,046 - INFO - [NOTIFICATION] [BUY] BUY (Long) @ $64487.23
2026-06-18 13:22:33,826 - INFO - Closed BUY @ 64506.90 | PnL: 0.7666 | Reason: Consensus
2026-06-18 13:22:33,830 - INFO - [NOTIFICATION] [SELL] SELL closed Long @ $64506.90
2026-06-18 13:23:21,060 - INFO - [NOTIFICATION] [BUY] BUY (Long) @ $64453.00
2026-06-18 13:27:38,782 - INFO - Closed BUY @ 64401.99 | PnL: -1.9894 | Reason: Consensus
2026-06-18 13:27:38,785 - INFO - [NOTIFICATION] [SELL] SELL closed Long @ $64401.99
2026-06-18 13:29:14,409 - INFO - [NOTIFICATION] [BUY] BUY (Long) @ $65718.01
2026-06-18 13:29:14,520 - INFO - Closed BUY @ 66211.99 | PnL: 19.6885 | Reason: Consensus
2026-06-18 13:29:14,535 - INFO - [NOTIFICATION] [BUY] BUY (Long) @ $66300.99
2026-06-18 13:29:14,539 - INFO - Closed BUY @ 66283.99 | PnL: -0.6741 | Reason: Consensus
2026-06-18 13:29:14,549 - INFO - [NOTIFICATION] [BUY] BUY (Long) @ $66470.00
2026-06-18 13:29:14,554 - INFO - Closed BUY @ 66563.49 | PnL: 3.6974 | Reason: Consensus
2026-06-18 13:29:14,561 - INFO - [NOTIFICATION] [BUY] BUY (Long) @ $66587.98
2026-06-18 13:29:14,597 - INFO - Closed BUY @ 67170.67 | PnL: 23.0202 | Reason: Consensus
2026-06-18 13:29:14,609 - INFO - [NOTIFICATION] [BUY] BUY (Long) @ $66896.66
2026-06-18 13:29:14,629 - INFO - Closed BUY @ 66766.12 | PnL: -5.1559 | Reason: Consensus
2026-06-18 13:29:14,636 - INFO - [NOTIFICATION] [BUY] BUY (Long) @ $66850.00
2026-06-18 13:29:15,022 - INFO - Closed BUY @ 66617.65 | PnL: -9.1745 | Reason: Consensus
2026-06-18 13:29:15,097 - INFO - [NOTIFICATION] [BUY] BUY (Long) @ $65807.33
2026-06-18 13:29:15,102 - INFO - Closed BUY @ 65878.00 | PnL: 2.8297 | Reason: Consensus
2026-06-18 13:29:15,116 - INFO - [NOTIFICATION] [BUY] BUY (Long) @ $65980.46
2026-06-18 13:29:15,123 - INFO - Closed BUY @ 66110.65 | PnL: 5.2021 | Reason: Consensus
2026-06-18 13:29:15,157 - INFO - [NOTIFICATION] [BUY] BUY (Long) @ $66348.00
2026-06-18 13:29:15,169 - INFO - Closed BUY @ 66388.00 | PnL: 1.5910 | Reason: Consensus
2026-06-18 13:29:15,180 - INFO - [NOTIFICATION] [BUY] BUY (Long) @ $66336.35
2026-06-18 13:29:15,245 - INFO - Closed BUY @ 66041.30 | PnL: -11.7414 | Reason: Consensus
2026-06-18 13:29:15,259 - INFO - [NOTIFICATION] [BUY] BUY (Long) @ $65568.01
2026-06-18 13:29:15,264 - INFO - Closed BUY @ 65663.99 | PnL: 3.8557 | Reason: Consensus
2026-06-18 13:29:15,459 - INFO - [NOTIFICATION] [BUY] BUY (Long) @ $64922.01
2026-06-18 13:29:15,464 - INFO - Closed BUY @ 64962.95 | PnL: 1.6622 | Reason: Consensus
2026-06-18 13:29:15,517 - INFO - [NOTIFICATION] [BUY] BUY (Long) @ $65280.00
2026-06-18 13:29:15,529 - INFO - Closed BUY @ 65204.76 | PnL: -3.0390 | Reason: Consensus
2026-06-18 13:29:15,540 - INFO - [NOTIFICATION] [BUY] BUY (Long) @ $65266.18
2026-06-18 13:29:15,563 - INFO - Closed BUY @ 65929.29 | PnL: 26.7738 | Reason: Consensus
2026-06-18 13:29:15,583 - INFO - [NOTIFICATION] [BUY] BUY (Long) @ $65478.02
2026-06-18 13:29:15,595 - INFO - Closed BUY @ 65453.99 | PnL: -0.9720 | Reason: Consensus
2026-06-18 13:29:15,610 - INFO - [NOTIFICATION] [BUY] BUY (Long) @ $64167.98
2026-06-18 13:29:15,616 - INFO - Closed BUY @ 64365.29 | PnL: 8.1426 | Reason: Consensus
2026-06-18 13:29:15,706 - INFO - [NOTIFICATION] [BUY] BUY (Long) @ $63985.04
2026-06-18 13:29:15,709 - INFO - Closed BUY @ 63951.98 | PnL: -1.3703 | Reason: Consensus
2026-06-18 13:29:15,724 - INFO - [NOTIFICATION] [BUY] BUY (Long) @ $63774.10
2026-06-18 13:29:15,729 - INFO - Closed BUY @ 63926.00 | PnL: 6.3154 | Reason: Consensus
2026-06-18 13:29:15,764 - INFO - [NOTIFICATION] [BUY] BUY (Long) @ $64455.98
2026-06-18 13:29:31,704 - INFO - Starting Paper Trading Bot for BTC (BTCUSDT)
2026-06-18 13:29:31,704 - INFO - Started bot thread for BTC (BTCUSDT)
2026-06-18 13:29:31,704 - INFO - Exchange: binance, Symbol: BTCUSDT, Timeframe: 5m
2026-06-18 13:29:31,710 - INFO - Starting Paper Trading Bot for ETH (ETHUSDT)
2026-06-18 13:29:31,716 - INFO - Started bot thread for ETH (ETHUSDT)
2026-06-18 13:29:31,721 - INFO - Exchange: binance, Symbol: ETHUSDT, Timeframe: 5m
2026-06-18 13:29:31,727 - INFO - Starting Paper Trading Bot for SOL (SOLUSDT)
2026-06-18 13:29:31,727 - INFO - Started bot thread for SOL (SOLUSDT)
2026-06-18 13:29:31,733 - INFO - Exchange: binance, Symbol: SOLUSDT, Timeframe: 5m
2026-06-18 13:29:38,927 - INFO - [NOTIFICATION] [BUY] BUY (Long) @ $64442.00
2026-06-18 14:35:37,756 - INFO - Initializing Hedge-Fund Multi-Asset Engine...
2026-06-18 14:35:37,757 - INFO - Starting Multi-Profile Bot Thread for BTC (BTC/USDT)
2026-06-18 14:35:37,762 - INFO - Starting Multi-Profile Bot Thread for ETH (ETH/USDT)
2026-06-18 14:35:37,777 - INFO - Starting Multi-Profile Bot Thread for SOL (SOL/USDT)
2026-06-18 14:35:45,183 - INFO - [NOTIFICATION] [SELL] SELL (Short) @ $1746.65
2026-06-18 14:35:45,199 - INFO - [NOTIFICATION] [SELL] SELL (Short) @ $1746.65
2026-06-18 14:35:45,250 - INFO - [NOTIFICATION] [SELL] SELL (Short) @ $71.91
2026-06-18 14:35:45,252 - INFO - [NOTIFICATION] [SELL] SELL (Short) @ $71.91
2026-06-18 14:35:45,434 - INFO - [NOTIFICATION] [SELL] SELL (Short) @ $64359.99
2026-06-18 14:35:45,437 - INFO - [NOTIFICATION] [SELL] SELL (Short) @ $64359.99
2026-06-18 14:40:46,055 - INFO - Closed SELL @ 1751.20 | PnL: -6.5125 | Reason: Aggressive Signal
2026-06-18 14:40:46,057 - INFO - [NOTIFICATION] [BUY] BUY closed Short @ $1751.20
2026-06-18 14:40:46,058 - INFO - Closed SELL @ 1751.20 | PnL: -6.5125 | Reason: Scalper Signal
2026-06-18 14:40:46,059 - INFO - [NOTIFICATION] [BUY] BUY closed Short @ $1751.20
2026-06-18 14:40:46,084 - INFO - Closed SELL @ 72.09 | PnL: -6.2578 | Reason: Aggressive Signal
2026-06-18 14:40:46,086 - INFO - [NOTIFICATION] [BUY] BUY closed Short @ $72.09
2026-06-18 14:40:46,087 - INFO - Closed SELL @ 72.09 | PnL: -6.2578 | Reason: Scalper Signal
2026-06-18 14:40:46,089 - INFO - [NOTIFICATION] [BUY] BUY closed Short @ $72.09
2026-06-18 14:40:46,257 - INFO - Closed SELL @ 64454.13 | PnL: -3.6568 | Reason: Aggressive Signal
2026-06-18 14:40:46,259 - INFO - [NOTIFICATION] [BUY] BUY closed Short @ $64454.13
2026-06-18 14:40:46,260 - INFO - Closed SELL @ 64454.13 | PnL: -3.6568 | Reason: Scalper Signal
2026-06-18 14:40:46,261 - INFO - [NOTIFICATION] [BUY] BUY closed Short @ $64454.13
2026-06-18 14:55:49,507 - INFO - [NOTIFICATION] [BUY] BUY (Long) @ $1745.52
2026-06-18 14:55:49,513 - INFO - [NOTIFICATION] [BUY] BUY (Long) @ $1745.52
2026-06-18 14:55:49,761 - INFO - [NOTIFICATION] [BUY] BUY (Long) @ $71.90
2026-06-18 14:55:49,762 - INFO - [NOTIFICATION] [BUY] BUY (Long) @ $71.90
2026-06-18 14:55:49,819 - INFO - [NOTIFICATION] [BUY] BUY (Long) @ $64279.99
2026-06-18 14:55:49,822 - INFO - [NOTIFICATION] [BUY] BUY (Long) @ $64279.99
2026-06-18 15:00:50,595 - INFO - Closed BUY @ 71.87 | PnL: -1.0418 | Reason: Aggressive Signal
2026-06-18 15:00:50,597 - INFO - [NOTIFICATION] [SELL] SELL closed Long @ $71.87
2026-06-18 15:00:50,598 - INFO - Closed BUY @ 71.87 | PnL: -1.0418 | Reason: Scalper Signal
2026-06-18 15:00:50,599 - INFO - [NOTIFICATION] [SELL] SELL closed Long @ $71.87
2026-06-18 15:00:50,660 - INFO - Closed BUY @ 64265.99 | PnL: -0.5441 | Reason: Aggressive Signal
2026-06-18 15:00:50,677 - INFO - Closed BUY @ 1745.25 | PnL: -0.3862 | Reason: Aggressive Signal
2026-06-18 15:00:50,678 - INFO - [NOTIFICATION] [SELL] SELL closed Long @ $64265.99
2026-06-18 15:00:50,679 - INFO - [NOTIFICATION] [SELL] SELL closed Long @ $1745.25
2026-06-18 15:00:50,680 - INFO - Closed BUY @ 64265.99 | PnL: -0.5441 | Reason: Scalper Signal
2026-06-18 15:00:50,680 - INFO - Closed BUY @ 1745.25 | PnL: -0.3862 | Reason: Scalper Signal
2026-06-18 15:00:50,682 - INFO - [NOTIFICATION] [SELL] SELL closed Long @ $64265.99
2026-06-18 15:00:50,682 - INFO - [NOTIFICATION] [SELL] SELL closed Long @ $1745.25
2026-06-18 15:15:53,742 - INFO - [NOTIFICATION] [SELL] SELL (Short) @ $71.91
2026-06-18 15:15:53,746 - INFO - [NOTIFICATION] [SELL] SELL (Short) @ $71.91
2026-06-18 15:15:54,023 - INFO - [NOTIFICATION] [BUY] BUY (Long) @ $1747.90
2026-06-18 15:15:54,045 - INFO - [NOTIFICATION] [BUY] BUY (Long) @ $1747.90
2026-06-18 15:15:54,045 - INFO - [NOTIFICATION] [SELL] SELL (Short) @ $64263.69
2026-06-18 15:15:54,050 - INFO - [NOTIFICATION] [SELL] SELL (Short) @ $64263.69
2026-06-18 15:20:55,006 - INFO - Closed BUY @ 1746.07 | PnL: -2.6138 | Reason: Aggressive Signal
2026-06-18 15:20:55,008 - INFO - [NOTIFICATION] [SELL] SELL closed Long @ $1746.07
2026-06-18 15:20:55,009 - INFO - Closed BUY @ 1746.07 | PnL: -2.6138 | Reason: Scalper Signal
2026-06-18 15:20:55,010 - INFO - [NOTIFICATION] [SELL] SELL closed Long @ $1746.07
2026-06-18 15:25:55,837 - INFO - [NOTIFICATION] [TRAILING_STOP] Trailing stop activated — SL moved to breakeven $64263.69
2026-06-18 15:25:55,838 - INFO - [NOTIFICATION] [TRAILING_STOP] Trailing stop activated — SL moved to breakeven $64263.69
2026-06-18 15:30:56,719 - INFO - [NOTIFICATION] [TRAILING_STOP] Trailing stop activated — SL moved to breakeven $71.91
2026-06-18 15:30:56,741 - INFO - Closed SELL @ 71.44 | PnL: 16.3160 | Reason: Take Profit (ATR)
2026-06-18 15:30:56,761 - INFO - Closed SELL @ 64051.68 | PnL: 8.2407 | Reason: Aggressive Signal
2026-06-18 15:30:56,762 - INFO - [NOTIFICATION] [TAKE_PROFIT] Take Profit hit at $71.44
2026-06-18 15:30:56,762 - INFO - [SOL-Aggressive] Position closed due to SL/TP.
2026-06-18 15:30:56,764 - INFO - [NOTIFICATION] [TRAILING_STOP] Trailing stop activated — SL moved to breakeven $71.91
2026-06-18 15:30:56,764 - INFO - Closed SELL @ 71.44 | PnL: 16.3160 | Reason: Take Profit (ATR)
2026-06-18 15:30:56,766 - INFO - [NOTIFICATION] [TAKE_PROFIT] Take Profit hit at $71.44
2026-06-18 15:30:56,766 - INFO - [SOL-Scalper] Position closed due to SL/TP.
2026-06-18 15:30:56,775 - INFO - [NOTIFICATION] [BUY] BUY closed Short @ $64051.68
2026-06-18 15:30:56,777 - INFO - Closed SELL @ 64051.68 | PnL: 8.2407 | Reason: Scalper Signal
2026-06-18 15:30:56,778 - INFO - [NOTIFICATION] [BUY] BUY closed Short @ $64051.68
2026-06-18 15:31:02,512 - INFO - Initializing Multi-Asset Engine...
2026-06-18 15:31:02,512 - INFO - Starting Trading Bot Thread for BTC (BTC/USDT)
2026-06-18 15:31:02,518 - INFO - Starting Trading Bot Thread for ETH (ETH/USDT)
2026-06-18 15:31:02,525 - INFO - Starting Trading Bot Thread for SOL (SOL/USDT)
2026-06-18 15:31:06,798 - INFO - Closed BUY @ 64050.00 | PnL: -15.2075 | Reason: Stop Loss (ATR)
2026-06-18 15:31:06,803 - INFO - [NOTIFICATION] [STOP_LOSS] Stop Loss hit at $64050.00
2026-06-18 15:31:06,803 - INFO - [BTC] Position closed due to SL/TP.
2026-06-18 15:34:55,999 - INFO - Closed BUY @ 64015.56 | PnL: -16.5436 | Reason: Consensus
2026-06-18 15:34:56,006 - INFO - [NOTIFICATION] [SELL] SELL closed Long @ $64015.56
2026-06-18 15:35:58,201 - INFO - [NOTIFICATION] [SELL] SELL (Short) @ $1742.34
2026-06-18 15:35:58,206 - INFO - [NOTIFICATION] [SELL] SELL (Short) @ $1742.34
2026-06-18 15:36:08,136 - INFO - [NOTIFICATION] [SELL] SELL (Short) @ $1741.84
2026-06-18 15:36:08,136 - INFO - [ETH] Executed trade: SELL @ 1741.84 | Reason: Aggressive Signal
2026-06-18 15:40:59,622 - INFO - [NOTIFICATION] [SELL] SELL (Short) @ $63997.60
2026-06-18 15:40:59,623 - INFO - [NOTIFICATION] [SELL] SELL (Short) @ $71.29
2026-06-18 15:40:59,629 - INFO - [NOTIFICATION] [SELL] SELL (Short) @ $71.29
2026-06-18 15:41:09,554 - INFO - [ETH] Executed trade: SELL @ 1740.54 | Reason: Aggressive Signal
2026-06-18 15:41:09,556 - INFO - [NOTIFICATION] [SELL] SELL (Short) @ $71.28
2026-06-18 15:41:09,557 - INFO - [SOL] Executed trade: SELL @ 71.28 | Reason: Aggressive Signal
2026-06-18 15:41:09,557 - INFO - [NOTIFICATION] [SELL] SELL (Short) @ $63994.40
2026-06-18 15:41:09,558 - INFO - [BTC] Executed trade: SELL @ 63994.4 | Reason: Aggressive Signal
2026-06-18 15:46:00,976 - INFO - [NOTIFICATION] [SELL] SELL (Short) @ $71.16
2026-06-18 15:46:00,976 - INFO - [NOTIFICATION] [SELL] SELL (Short) @ $63934.00
2026-06-18 15:46:00,983 - INFO - [NOTIFICATION] [SELL] SELL (Short) @ $63934.00
2026-06-18 15:46:10,702 - INFO - [SOL] Executed trade: SELL @ 71.13 | Reason: Aggressive Signal
2026-06-18 15:46:10,762 - INFO - [BTC] Executed trade: SELL @ 63924.01 | Reason: Aggressive Signal
2026-06-18 15:46:10,793 - INFO - [ETH] Executed trade: SELL @ 1739.52 | Reason: Aggressive Signal
2026-06-18 15:51:02,321 - INFO - Closed SELL @ 63933.75 | PnL: 0.0098 | Reason: Aggressive Signal
2026-06-18 15:51:02,366 - INFO - [NOTIFICATION] [BUY] BUY closed Short @ $63933.75
2026-06-18 15:51:02,367 - INFO - Closed SELL @ 71.19 | PnL: 3.5131 | Reason: Aggressive Signal
2026-06-18 15:51:02,369 - INFO - Closed SELL @ 63933.75 | PnL: 0.0098 | Reason: Scalper Signal
2026-06-18 15:51:02,371 - INFO - [NOTIFICATION] [BUY] BUY closed Short @ $71.19
2026-06-18 15:51:02,373 - INFO - [NOTIFICATION] [BUY] BUY closed Short @ $63933.75
2026-06-18 15:51:02,373 - INFO - Closed SELL @ 71.19 | PnL: 3.5131 | Reason: Scalper Signal
2026-06-18 15:51:02,376 - INFO - [NOTIFICATION] [BUY] BUY closed Short @ $71.19
2026-06-18 15:51:02,532 - INFO - Closed SELL @ 1741.45 | PnL: 1.2746 | Reason: Aggressive Signal
2026-06-18 15:51:02,534 - INFO - [NOTIFICATION] [BUY] BUY closed Short @ $1741.45
2026-06-18 15:51:02,536 - INFO - Closed SELL @ 1741.45 | PnL: 1.2746 | Reason: Scalper Signal
2026-06-18 15:51:02,539 - INFO - [NOTIFICATION] [BUY] BUY closed Short @ $1741.45
2026-06-18 15:51:11,802 - INFO - Closed SELL @ 71.20 | PnL: 2.8058 | Reason: Aggressive Signal
2026-06-18 15:51:11,805 - INFO - [NOTIFICATION] [BUY] BUY closed Short @ $71.20
2026-06-18 15:51:11,805 - INFO - [SOL] Executed trade: BUY @ 71.2 | Reason: Aggressive Signal
2026-06-18 15:51:11,898 - INFO - Closed SELL @ 63935.94 | PnL: 2.2768 | Reason: Aggressive Signal
2026-06-18 15:51:11,901 - INFO - [NOTIFICATION] [BUY] BUY closed Short @ $63935.94
2026-06-18 15:51:11,901 - INFO - [BTC] Executed trade: BUY @ 63935.94 | Reason: Aggressive Signal
2026-06-18 15:51:12,045 - INFO - Closed SELL @ 1741.43 | PnL: 0.5885 | Reason: Aggressive Signal
2026-06-18 15:51:12,047 - INFO - [NOTIFICATION] [BUY] BUY closed Short @ $1741.43
2026-06-18 15:51:12,047 - INFO - [ETH] Executed trade: BUY @ 1741.43 | Reason: Aggressive Signal
2026-06-18 16:06:06,878 - INFO - [NOTIFICATION] [SELL] SELL (Short) @ $1740.94
2026-06-18 16:06:06,885 - INFO - [NOTIFICATION] [SELL] SELL (Short) @ $1740.94
2026-06-18 16:06:06,988 - INFO - [NOTIFICATION] [SELL] SELL (Short) @ $64020.04
2026-06-18 16:06:06,995 - INFO - [NOTIFICATION] [SELL] SELL (Short) @ $64020.04
2026-06-18 16:06:07,117 - INFO - [NOTIFICATION] [SELL] SELL (Short) @ $71.19
2026-06-18 16:06:07,124 - INFO - [NOTIFICATION] [SELL] SELL (Short) @ $71.19
2026-06-18 16:06:15,843 - INFO - [NOTIFICATION] [SELL] SELL (Short) @ $64023.97
2026-06-18 16:06:15,843 - INFO - [BTC] Executed trade: SELL @ 64023.97 | Reason: Aggressive Signal
2026-06-18 16:06:16,226 - INFO - [NOTIFICATION] [SELL] SELL (Short) @ $71.20
2026-06-18 16:06:16,226 - INFO - [SOL] Executed trade: SELL @ 71.2 | Reason: Aggressive Signal
2026-06-18 16:06:16,226 - INFO - [NOTIFICATION] [SELL] SELL (Short) @ $1740.91
2026-06-18 16:06:16,227 - INFO - [ETH] Executed trade: SELL @ 1740.91 | Reason: Aggressive Signal
2026-06-18 16:11:17,482 - INFO - [BTC] Executed trade: SELL @ 64039.68 | Reason: Aggressive Signal
2026-06-18 16:11:18,036 - INFO - Closed SELL @ 71.20 | PnL: 0.0000 | Reason: Aggressive Signal
2026-06-18 16:11:18,052 - INFO - [ETH] Executed trade: SELL @ 1742.09 | Reason: Aggressive Signal
2026-06-18 16:11:18,058 - INFO - [NOTIFICATION] [BUY] BUY closed Short @ $71.20
2026-06-18 16:11:18,058 - INFO - [SOL] Executed trade: BUY @ 71.2 | Reason: Aggressive Signal
2026-06-18 16:16:10,648 - INFO - Closed SELL @ 1749.55 | PnL: -12.3436 | Reason: Stop Loss (ATR)
2026-06-18 16:16:10,650 - INFO - Closed SELL @ 64150.00 | PnL: -5.9533 | Reason: Stop Loss (ATR)
2026-06-18 16:16:10,655 - INFO - [NOTIFICATION] [STOP_LOSS] Stop Loss hit at $1749.55
2026-06-18 16:16:10,655 - INFO - [ETH-Aggressive] Position closed due to SL/TP.
2026-06-18 16:16:10,656 - INFO - [NOTIFICATION] [STOP_LOSS] Stop Loss hit at $64150.00
2026-06-18 16:16:10,656 - INFO - [BTC-Balanced] Position closed due to SL/TP.
2026-06-18 16:16:10,663 - INFO - Closed SELL @ 1749.55 | PnL: -12.3436 | Reason: Stop Loss (ATR)
2026-06-18 16:16:10,664 - INFO - Closed SELL @ 64150.00 | PnL: -5.0791 | Reason: Stop Loss (ATR)
2026-06-18 16:16:10,668 - INFO - [NOTIFICATION] [STOP_LOSS] Stop Loss hit at $1749.55
2026-06-18 16:16:10,668 - INFO - [ETH-Scalper] Position closed due to SL/TP.
2026-06-18 16:16:10,669 - INFO - [NOTIFICATION] [STOP_LOSS] Stop Loss hit at $64150.00
2026-06-18 16:16:10,669 - INFO - [BTC-Aggressive] Position closed due to SL/TP.
2026-06-18 16:16:10,676 - INFO - Closed SELL @ 64150.00 | PnL: -5.0791 | Reason: Stop Loss (ATR)
2026-06-18 16:16:10,681 - INFO - [NOTIFICATION] [STOP_LOSS] Stop Loss hit at $64150.00
2026-06-18 16:16:10,681 - INFO - [BTC-Scalper] Position closed due to SL/TP.
2026-06-18 16:16:19,074 - INFO - Closed SELL @ 64212.00 | PnL: -7.3232 | Reason: Stop Loss (ATR)
2026-06-18 16:16:19,092 - INFO - [NOTIFICATION] [STOP_LOSS] Stop Loss hit at $64212.00
2026-06-18 16:16:19,092 - INFO - [BTC] Position closed due to SL/TP.
2026-06-18 16:16:19,863 - INFO - Closed SELL @ 1751.84 | PnL: -15.6977 | Reason: Stop Loss (ATR)
2026-06-18 16:16:19,868 - INFO - [NOTIFICATION] [STOP_LOSS] Stop Loss hit at $1751.84
2026-06-18 16:16:19,868 - INFO - [ETH] Position closed due to SL/TP.
2026-06-18 16:26:14,219 - INFO - [NOTIFICATION] [BUY] BUY (Long) @ $1748.07
2026-06-18 16:26:14,225 - INFO - [NOTIFICATION] [BUY] BUY (Long) @ $1748.07
2026-06-18 16:26:14,350 - INFO - Closed SELL @ 71.48 | PnL: -11.2423 | Reason: Stop Loss (ATR)
2026-06-18 16:26:14,355 - INFO - [NOTIFICATION] [STOP_LOSS] Stop Loss hit at $71.48
2026-06-18 16:26:14,355 - INFO - [SOL-Balanced] Position closed due to SL/TP.
2026-06-18 16:26:14,360 - INFO - Closed SELL @ 71.48 | PnL: -10.2095 | Reason: Stop Loss (ATR)
2026-06-18 16:26:14,364 - INFO - [NOTIFICATION] [STOP_LOSS] Stop Loss hit at $71.48
2026-06-18 16:26:14,365 - INFO - [SOL-Aggressive] Position closed due to SL/TP.
2026-06-18 16:26:14,370 - INFO - Closed SELL @ 71.48 | PnL: -10.2095 | Reason: Stop Loss (ATR)
2026-06-18 16:26:14,374 - INFO - [NOTIFICATION] [STOP_LOSS] Stop Loss hit at $71.48
2026-06-18 16:26:14,375 - INFO - [SOL-Scalper] Position closed due to SL/TP.
2026-06-18 16:26:14,455 - INFO - [NOTIFICATION] [SELL] SELL (Short) @ $64173.41
2026-06-18 16:26:14,463 - INFO - [NOTIFICATION] [SELL] SELL (Short) @ $64173.41
2026-06-18 16:26:22,620 - INFO - [NOTIFICATION] [SELL] SELL (Short) @ $64173.40
2026-06-18 16:26:22,620 - INFO - [BTC] Executed trade: SELL @ 64173.4 | Reason: Aggressive Signal
2026-06-18 16:26:23,472 - INFO - [NOTIFICATION] [BUY] BUY (Long) @ $1748.03
2026-06-18 16:26:23,476 - INFO - [ETH] Executed trade: BUY @ 1748.03 | Reason: Aggressive Signal
2026-06-18 16:26:24,002 - INFO - [NOTIFICATION] [SELL] SELL (Short) @ $71.48
2026-06-18 16:26:24,002 - INFO - [SOL] Executed trade: SELL @ 71.48 | Reason: Aggressive Signal
2026-06-18 16:31:16,137 - INFO - [NOTIFICATION] [SELL] SELL (Short) @ $64135.01
2026-06-18 16:31:24,175 - INFO - [BTC] Executed trade: SELL @ 64135.01 | Reason: Aggressive Signal
2026-06-18 16:31:25,051 - INFO - [ETH] Executed trade: BUY @ 1748.01 | Reason: Aggressive Signal
2026-06-18 16:31:25,656 - INFO - [SOL] Executed trade: SELL @ 71.37 | Reason: Aggressive Signal
2026-06-18 16:36:17,614 - INFO - Closed BUY @ 1744.83 | PnL: -4.6146 | Reason: Aggressive Signal
2026-06-18 16:36:17,696 - INFO - [NOTIFICATION] [SELL] SELL closed Long @ $1744.83
2026-06-18 16:36:17,702 - INFO - Closed BUY @ 1744.83 | PnL: -4.6146 | Reason: Scalper Signal
2026-06-18 16:36:17,704 - INFO - [NOTIFICATION] [SELL] SELL (Short) @ $71.08
2026-06-18 16:36:17,709 - INFO - [NOTIFICATION] [SELL] SELL closed Long @ $1744.83
2026-06-18 16:36:17,711 - INFO - [NOTIFICATION] [SELL] SELL (Short) @ $71.08
2026-06-18 16:36:17,717 - INFO - [NOTIFICATION] [SELL] SELL (Short) @ $71.08
2026-06-18 16:36:17,851 - INFO - [NOTIFICATION] [TRAILING_STOP] Trailing stop activated — SL moved to breakeven $64135.01
2026-06-18 16:36:17,856 - INFO - [NOTIFICATION] [TRAILING_STOP] Trailing stop activated — SL moved to breakeven $64173.41
2026-06-18 16:36:17,860 - INFO - [NOTIFICATION] [TRAILING_STOP] Trailing stop activated — SL moved to breakeven $64173.41
2026-06-18 16:36:25,700 - INFO - [NOTIFICATION] [TRAILING_STOP] Trailing stop activated — SL moved to breakeven $64173.40
2026-06-18 16:36:25,703 - INFO - [BTC] Executed trade: SELL @ 64021.63 | Reason: Aggressive Signal
2026-06-18 16:36:26,584 - INFO - Closed BUY @ 1745.18 | PnL: -4.0637 | Reason: Aggressive Signal
2026-06-18 16:36:26,589 - INFO - [NOTIFICATION] [SELL] SELL closed Long @ $1745.18
2026-06-18 16:36:26,589 - INFO - [ETH] Executed trade: SELL @ 1745.18 | Reason: Aggressive Signal
2026-06-18 16:36:27,206 - INFO - [NOTIFICATION] [TRAILING_STOP] Trailing stop activated — SL moved to breakeven $71.48
2026-06-18 16:36:27,208 - INFO - [SOL] Executed trade: SELL @ 71.11 | Reason: Aggressive Signal
2026-06-18 16:41:27,150 - INFO - [BTC] Executed trade: SELL @ 64000.83 | Reason: Aggressive Signal
2026-06-18 16:41:28,658 - INFO - [SOL] Executed trade: SELL @ 71.06 | Reason: Aggressive Signal
2026-06-18 16:46:21,710 - INFO - [NOTIFICATION] [TRAILING_STOP] Trailing stop activated — SL moved to breakeven $71.08
2026-06-18 16:46:21,714 - INFO - [NOTIFICATION] [TRAILING_STOP] Trailing stop activated — SL moved to breakeven $71.08
2026-06-18 16:46:21,719 - INFO - [NOTIFICATION] [TRAILING_STOP] Trailing stop activated — SL moved to breakeven $71.08
2026-06-18 16:46:21,900 - INFO - Closed SELL @ 63918.00 | PnL: 9.9479 | Reason: Take Profit (ATR)
2026-06-18 16:46:21,904 - INFO - [NOTIFICATION] [TAKE_PROFIT] Take Profit hit at $63918.00
2026-06-18 16:46:21,905 - INFO - [BTC-Aggressive] Position closed due to SL/TP.
2026-06-18 16:46:21,910 - INFO - Closed SELL @ 63918.00 | PnL: 9.9479 | Reason: Take Profit (ATR)
2026-06-18 16:46:21,914 - INFO - [NOTIFICATION] [TAKE_PROFIT] Take Profit hit at $63918.00
2026-06-18 16:46:21,915 - INFO - [BTC-Scalper] Position closed due to SL/TP.
2026-06-18 16:46:28,733 - INFO - Closed SELL @ 63918.00 | PnL: 9.9093 | Reason: Take Profit (ATR)
2026-06-18 16:46:28,738 - INFO - [NOTIFICATION] [TAKE_PROFIT] Take Profit hit at $63918.00
2026-06-18 16:46:28,738 - INFO - [BTC] Position closed due to SL/TP.
2026-06-18 16:46:30,218 - INFO - Closed SELL @ 70.88 | PnL: 20.9967 | Reason: Take Profit (ATR)
2026-06-18 16:46:30,223 - INFO - [NOTIFICATION] [TAKE_PROFIT] Take Profit hit at $70.88
2026-06-18 16:46:30,223 - INFO - [SOL] Position closed due to SL/TP.
2026-06-18 16:51:23,471 - INFO - Closed SELL @ 71.09 | PnL: -0.3509 | Reason: Stop Loss (ATR)
2026-06-18 16:51:23,542 - INFO - [NOTIFICATION] [STOP_LOSS] Stop Loss hit at $71.09
2026-06-18 16:51:23,545 - INFO - [SOL-Balanced] Position closed due to SL/TP.
2026-06-18 16:51:23,546 - INFO - [NOTIFICATION] [BUY] BUY (Long) @ $1745.44
2026-06-18 16:51:23,593 - INFO - Closed SELL @ 71.09 | PnL: -0.3519 | Reason: Stop Loss (ATR)
2026-06-18 16:51:23,611 - INFO - [NOTIFICATION] [BUY] BUY (Long) @ $1745.44
2026-06-18 16:51:23,619 - INFO - [NOTIFICATION] [STOP_LOSS] Stop Loss hit at $71.09
2026-06-18 16:51:23,619 - INFO - [SOL-Aggressive] Position closed due to SL/TP.
2026-06-18 16:51:23,624 - INFO - Closed SELL @ 71.09 | PnL: -0.3519 | Reason: Stop Loss (ATR)
2026-06-18 16:51:23,628 - INFO - [NOTIFICATION] [STOP_LOSS] Stop Loss hit at $71.09
2026-06-18 16:51:23,629 - INFO - [SOL-Scalper] Position closed due to SL/TP.
2026-06-18 16:51:31,146 - INFO - [NOTIFICATION] [BUY] BUY (Long) @ $1745.09
2026-06-18 16:51:31,147 - INFO - [ETH] Executed trade: BUY @ 1745.09 | Reason: Aggressive Signal
2026-06-18 16:56:25,557 - INFO - [NOTIFICATION] [SELL] SELL (Short) @ $64048.00
2026-06-18 16:56:25,615 - INFO - [NOTIFICATION] [SELL] SELL (Short) @ $64048.00
2026-06-18 16:56:31,824 - INFO - [NOTIFICATION] [SELL] SELL (Short) @ $64049.01
2026-06-18 16:56:31,824 - INFO - [BTC] Executed trade: SELL @ 64049.01 | Reason: Aggressive Signal
2026-06-18 16:56:32,764 - INFO - [ETH] Executed trade: BUY @ 1746.55 | Reason: Aggressive Signal
2026-06-18 16:56:33,605 - INFO - [NOTIFICATION] [SELL] SELL (Short) @ $71.18
2026-06-18 16:56:33,605 - INFO - [SOL] Executed trade: SELL @ 71.18 | Reason: Aggressive Signal
2026-06-18 17:01:27,564 - INFO - Closed BUY @ 1743.19 | PnL: -3.2064 | Reason: Aggressive Signal
2026-06-18 17:01:27,567 - INFO - [NOTIFICATION] [TRAILING_STOP] Trailing stop activated — SL moved to breakeven $64048.00
2026-06-18 17:01:27,571 - INFO - [NOTIFICATION] [SELL] SELL (Short) @ $71.02
2026-06-18 17:01:27,571 - INFO - [NOTIFICATION] [TRAILING_STOP] Trailing stop activated — SL moved to breakeven $64048.00
2026-06-18 17:01:27,577 - INFO - [NOTIFICATION] [SELL] SELL closed Long @ $1743.19
2026-06-18 17:01:27,580 - INFO - [NOTIFICATION] [SELL] SELL (Short) @ $71.02
2026-06-18 17:01:27,580 - INFO - Closed BUY @ 1743.19 | PnL: -3.2064 | Reason: Scalper Signal
2026-06-18 17:01:27,586 - INFO - [NOTIFICATION] [SELL] SELL (Short) @ $71.02
2026-06-18 17:01:27,587 - INFO - [NOTIFICATION] [SELL] SELL closed Long @ $1743.19
2026-06-18 17:01:33,344 - INFO - [NOTIFICATION] [TRAILING_STOP] Trailing stop activated — SL moved to breakeven $64049.01
2026-06-18 17:01:33,346 - INFO - [BTC] Executed trade: SELL @ 63950.01 | Reason: Aggressive Signal
2026-06-18 17:01:34,283 - INFO - Closed BUY @ 1742.97 | PnL: -3.0254 | Reason: Aggressive Signal
2026-06-18 17:01:34,288 - INFO - [NOTIFICATION] [SELL] SELL closed Long @ $1742.97
2026-06-18 17:01:34,289 - INFO - [ETH] Executed trade: SELL @ 1742.97 | Reason: Aggressive Signal
2026-06-18 17:01:35,116 - INFO - [SOL] Executed trade: SELL @ 71.01 | Reason: Aggressive Signal
2026-06-18 17:06:34,620 - INFO - [BTC] Executed trade: SELL @ 63931.99 | Reason: Aggressive Signal
2026-06-18 17:06:37,425 - INFO - [NOTIFICATION] [TRAILING_STOP] Trailing stop activated — SL moved to breakeven $71.18
2026-06-18 17:06:37,427 - INFO - [SOL] Executed trade: SELL @ 70.88 | Reason: Aggressive Signal
2026-06-18 17:11:32,188 - INFO - [NOTIFICATION] [TRAILING_STOP] Trailing stop activated — SL moved to breakeven $71.02
2026-06-18 17:11:32,190 - INFO - [NOTIFICATION] [TRAILING_STOP] Trailing stop activated — SL moved to breakeven $71.02
2026-06-18 17:11:32,192 - INFO - [NOTIFICATION] [TRAILING_STOP] Trailing stop activated — SL moved to breakeven $71.02
2026-06-18 17:11:35,685 - INFO - [BTC] Executed trade: SELL @ 63906.15 | Reason: Aggressive Signal
2026-06-18 17:11:38,470 - INFO - [SOL] Executed trade: SELL @ 70.78 | Reason: Aggressive Signal
2026-06-18 17:16:33,028 - INFO - [NOTIFICATION] [SELL] SELL (Short) @ $1741.34
2026-06-18 17:16:33,030 - INFO - [NOTIFICATION] [SELL] SELL (Short) @ $1741.34
2026-06-18 17:16:36,475 - INFO - [BTC] Executed trade: SELL @ 63947.64 | Reason: Aggressive Signal
2026-06-18 17:16:37,413 - INFO - [NOTIFICATION] [SELL] SELL (Short) @ $1741.33
2026-06-18 17:16:37,414 - INFO - [ETH] Executed trade: SELL @ 1741.33 | Reason: Aggressive Signal
2026-06-18 17:16:39,261 - INFO - [SOL] Executed trade: SELL @ 70.84 | Reason: Aggressive Signal
2026-06-18 17:21:35,058 - INFO - Closed SELL @ 63976.00 | PnL: 2.8154 | Reason: Aggressive Signal
2026-06-18 17:21:35,071 - INFO - Closed SELL @ 1743.33 | PnL: -2.8408 | Reason: Aggressive Signal
2026-06-18 17:21:35,083 - INFO - [NOTIFICATION] [BUY] BUY closed Short @ $1743.33
2026-06-18 17:21:35,084 - INFO - [NOTIFICATION] [BUY] BUY closed Short @ $63976.00
2026-06-18 17:21:35,087 - INFO - Closed SELL @ 1743.33 | PnL: -2.8408 | Reason: Scalper Signal
2026-06-18 17:21:35,087 - INFO - Closed SELL @ 63976.00 | PnL: 2.8154 | Reason: Scalper Signal
2026-06-18 17:21:35,090 - INFO - [NOTIFICATION] [BUY] BUY closed Short @ $63976.00
2026-06-18 17:21:35,090 - INFO - [NOTIFICATION] [BUY] BUY closed Short @ $1743.33
2026-06-18 17:21:37,737 - INFO - Closed SELL @ 63976.00 | PnL: 2.8439 | Reason: Aggressive Signal
2026-06-18 17:21:37,740 - INFO - [NOTIFICATION] [BUY] BUY closed Short @ $63976.00
2026-06-18 17:21:37,741 - INFO - [BTC] Executed trade: BUY @ 63976.0 | Reason: Aggressive Signal
2026-06-18 17:21:38,596 - INFO - Closed SELL @ 1743.34 | PnL: -2.8729 | Reason: Aggressive Signal
2026-06-18 17:21:38,599 - INFO - [NOTIFICATION] [BUY] BUY closed Short @ $1743.34
2026-06-18 17:21:38,599 - INFO - [ETH] Executed trade: BUY @ 1743.34 | Reason: Aggressive Signal
2026-06-18 17:21:40,618 - INFO - [SOL] Executed trade: SELL @ 70.94 | Reason: Aggressive Signal
2026-06-18 17:26:41,462 - INFO - [SOL] Executed trade: SELL @ 70.97 | Reason: Aggressive Signal
2026-06-18 17:31:37,042 - INFO - Closed SELL @ 71.00 | PnL: 0.7043 | Reason: Aggressive Signal
2026-06-18 17:31:37,061 - INFO - [NOTIFICATION] [SELL] SELL (Short) @ $1743.98
2026-06-18 17:31:37,061 - INFO - [NOTIFICATION] [BUY] BUY closed Short @ $71.00
2026-06-18 17:31:37,063 - INFO - Closed SELL @ 71.00 | PnL: 0.7043 | Reason: Scalper Signal
2026-06-18 17:31:37,065 - INFO - [NOTIFICATION] [BUY] BUY closed Short @ $71.00
2026-06-18 17:31:42,349 - INFO - Closed SELL @ 71.00 | PnL: 6.3521 | Reason: Aggressive Signal
2026-06-18 17:31:42,351 - INFO - [NOTIFICATION] [BUY] BUY closed Short @ $71.00
2026-06-18 17:31:42,351 - INFO - [SOL] Executed trade: BUY @ 71.0 | Reason: Aggressive Signal
2026-06-18 17:36:38,259 - INFO - [NOTIFICATION] [BUY] BUY (Long) @ $1745.08
2026-06-18 17:36:38,261 - INFO - [NOTIFICATION] [BUY] BUY (Long) @ $1745.08
2026-06-18 17:36:38,286 - INFO - [NOTIFICATION] [SELL] SELL (Short) @ $63998.00
2026-06-18 17:36:38,289 - INFO - [NOTIFICATION] [SELL] SELL (Short) @ $63998.00
2026-06-18 17:36:40,426 - INFO - [NOTIFICATION] [SELL] SELL (Short) @ $63997.99
2026-06-18 17:36:40,426 - INFO - [BTC] Executed trade: SELL @ 63997.99 | Reason: Aggressive Signal
2026-06-18 17:36:41,354 - INFO - [NOTIFICATION] [BUY] BUY (Long) @ $1745.08
2026-06-18 17:36:41,354 - INFO - [ETH] Executed trade: BUY @ 1745.08 | Reason: Aggressive Signal
2026-06-18 17:41:39,003 - INFO - Closed SELL @ 71.03 | PnL: -0.3512 | Reason: Stop Loss (ATR)
2026-06-18 17:41:39,005 - INFO - [NOTIFICATION] [STOP_LOSS] Stop Loss hit at $71.03
2026-06-18 17:41:39,005 - INFO - [SOL-Balanced] Position closed due to SL/TP.
2026-06-18 17:41:41,260 - INFO - [BTC] Executed trade: SELL @ 64042.46 | Reason: Aggressive Signal
2026-06-18 17:41:42,632 - INFO - Closed BUY @ 1745.07 | PnL: -0.0143 | Reason: Aggressive Signal
2026-06-18 17:41:42,635 - INFO - [NOTIFICATION] [SELL] SELL closed Long @ $1745.07
2026-06-18 17:41:42,636 - INFO - [ETH] Executed trade: SELL @ 1745.07 | Reason: Aggressive Signal
2026-06-18 17:46:39,976 - INFO - Closed SELL @ 1750.60 | PnL: -9.4898 | Reason: Stop Loss (ATR)
2026-06-18 17:46:39,976 - INFO - Closed SELL @ 64130.00 | PnL: -5.1685 | Reason: Aggressive Signal
2026-06-18 17:46:39,978 - INFO - [NOTIFICATION] [SELL] SELL (Short) @ $71.27
2026-06-18 17:46:39,979 - INFO - [NOTIFICATION] [STOP_LOSS] Stop Loss hit at $1750.60
2026-06-18 17:46:39,980 - INFO - [ETH-Balanced] Position closed due to SL/TP.
2026-06-18 17:46:39,980 - INFO - [NOTIFICATION] [BUY] BUY closed Short @ $64130.00
2026-06-18 17:46:39,981 - INFO - Closed SELL @ 64130.00 | PnL: -5.1685 | Reason: Scalper Signal
2026-06-18 17:46:39,981 - INFO - [NOTIFICATION] [SELL] SELL (Short) @ $71.27
2026-06-18 17:46:39,982 - INFO - [NOTIFICATION] [TRAILING_STOP] Trailing stop activated — SL moved to breakeven $1745.08
2026-06-18 17:46:39,983 - INFO - [NOTIFICATION] [TRAILING_STOP] Trailing stop activated — SL moved to breakeven $1745.08
2026-06-18 17:46:39,984 - INFO - [NOTIFICATION] [BUY] BUY closed Short @ $64130.00
2026-06-18 17:46:42,056 - INFO - Closed SELL @ 64130.00 | PnL: -5.1491 | Reason: Aggressive Signal
2026-06-18 17:46:42,057 - INFO - [NOTIFICATION] [BUY] BUY closed Short @ $64130.00
2026-06-18 17:46:42,057 - INFO - [BTC] Executed trade: BUY @ 64130.0 | Reason: Aggressive Signal
2026-06-18 17:46:45,364 - INFO - [NOTIFICATION] [SELL] SELL (Short) @ $71.27
2026-06-18 17:46:45,364 - INFO - [SOL] Executed trade: SELL @ 71.27 | Reason: Aggressive Signal
2026-06-18 17:50:54,620 - INFO - Initializing Multi-Asset Engine with Advanced Strategy Pack...
2026-06-18 17:50:54,621 - INFO - Starting Trading Bot Thread for BTC (BTC/USDT)
2026-06-18 17:50:54,626 - INFO - Starting Trading Bot Thread for ETH (ETH/USDT)
2026-06-18 17:50:54,633 - INFO - Starting Trading Bot Thread for SOL (SOL/USDT)
2026-06-18 17:51:40,880 - INFO - Closed SELL @ 64154.35 | PnL: -0.7530 | Reason: Stop Loss (ATR)
2026-06-18 17:51:40,882 - INFO - [NOTIFICATION] [STOP_LOSS] Stop Loss hit at $64154.35
2026-06-18 17:51:40,882 - INFO - [BTC-Balanced] Position closed due to SL/TP.
2026-06-18 17:51:46,244 - INFO - [SOL] Executed trade: SELL @ 71.31 | Reason: Aggressive Signal
2026-06-18 17:56:45,398 - INFO - [NOTIFICATION] [BUY] BUY (Long) @ $1750.33
2026-06-18 17:56:45,398 - INFO - [ETH] Executed trade: BUY @ 1750.33 | Reason: Aggressive Signal
2026-06-18 17:56:47,333 - INFO - [SOL] Executed trade: SELL @ 71.34 | Reason: Aggressive Signal
2026-06-18 18:01:42,898 - INFO - [NOTIFICATION] [SELL] SELL (Short) @ $64196.00
2026-06-18 18:01:42,900 - INFO - [NOTIFICATION] [SELL] SELL (Short) @ $64196.00
2026-06-18 18:01:42,902 - INFO - [NOTIFICATION] [SELL] SELL (Short) @ $64196.00
2026-06-18 18:01:42,930 - INFO - Closed BUY @ 1748.87 | PnL: 5.3956 | Reason: Aggressive Signal
2026-06-18 18:01:42,932 - INFO - [NOTIFICATION] [SELL] SELL closed Long @ $1748.87
2026-06-18 18:01:42,933 - INFO - Closed BUY @ 1748.87 | PnL: 5.3956 | Reason: Scalper Signal
2026-06-18 18:01:42,935 - INFO - [NOTIFICATION] [SELL] SELL closed Long @ $1748.87
2026-06-18 18:01:44,832 - INFO - [NOTIFICATION] [SELL] SELL (Short) @ $64196.00
2026-06-18 18:01:44,832 - INFO - [BTC] Executed trade: SELL @ 64196.0 | Reason: Aggressive Signal
2026-06-18 18:01:46,235 - INFO - Closed BUY @ 1748.61 | PnL: -2.4444 | Reason: Aggressive Signal
2026-06-18 18:01:46,237 - INFO - [NOTIFICATION] [SELL] SELL closed Long @ $1748.61
2026-06-18 18:01:46,237 - INFO - [ETH] Executed trade: SELL @ 1748.61 | Reason: Aggressive Signal
2026-06-18 18:01:48,190 - INFO - [SOL] Executed trade: SELL @ 71.3 | Reason: Aggressive Signal
2026-06-18 18:03:09,926 - INFO - Initializing Multi-Asset Engine with Advanced Strategy Pack...
2026-06-18 18:03:09,927 - INFO - Starting Trading Bot Thread for BTC (BTC/USDT)
2026-06-18 18:03:09,932 - INFO - Starting Trading Bot Thread for ETH (ETH/USDT)
2026-06-18 18:03:09,939 - INFO - Starting Trading Bot Thread for SOL (SOL/USDT)
2026-06-18 18:06:46,271 - INFO - [BTC] Executed trade: SELL @ 64246.0 | Reason: Aggressive Signal
2026-06-18 18:06:49,316 - INFO - [SOL] Executed trade: SELL @ 71.44 | Reason: Aggressive Signal
2026-06-18 18:11:05,893 - INFO - Closed SELL @ 71.53 | PnL: -9.1753 | Reason: Stop Loss (ATR)
2026-06-18 18:11:05,915 - INFO - [NOTIFICATION] [STOP_LOSS] Stop Loss hit at $71.53
2026-06-18 18:11:05,915 - INFO - [SOL] Position closed due to SL/TP.
2026-06-18 18:11:46,963 - INFO - Closed SELL @ 71.53 | PnL: -9.1251 | Reason: Stop Loss (ATR)
2026-06-18 18:11:47,040 - INFO - [NOTIFICATION] [STOP_LOSS] Stop Loss hit at $71.53
2026-06-18 18:11:47,041 - INFO - [SOL-Aggressive] Position closed due to SL/TP.
2026-06-18 18:11:47,047 - INFO - Closed SELL @ 71.53 | PnL: -9.1251 | Reason: Stop Loss (ATR)
2026-06-18 18:11:47,052 - INFO - [NOTIFICATION] [STOP_LOSS] Stop Loss hit at $71.53
2026-06-18 18:11:47,053 - INFO - [SOL-Scalper] Position closed due to SL/TP.
2026-06-18 18:11:47,845 - INFO - [BTC] Executed trade: SELL @ 64314.24 | Reason: Aggressive Signal
2026-06-18 18:11:50,891 - INFO - Closed SELL @ 71.54 | PnL: -9.5281 | Reason: Stop Loss (ATR)
2026-06-18 18:11:50,896 - INFO - [NOTIFICATION] [STOP_LOSS] Stop Loss hit at $71.54
2026-06-18 18:11:50,897 - INFO - [SOL] Position closed due to SL/TP.
2026-06-18 18:16:48,925 - INFO - [NOTIFICATION] [SELL] SELL (Short) @ $1748.27
2026-06-18 18:16:48,933 - INFO - [NOTIFICATION] [SELL] SELL (Short) @ $1748.27
2026-06-18 18:16:49,143 - INFO - [NOTIFICATION] [SELL] SELL (Short) @ $71.46
2026-06-18 18:16:49,523 - INFO - [BTC] Executed trade: SELL @ 64322.0 | Reason: Aggressive Signal
2026-06-18 18:16:50,950 - INFO - [NOTIFICATION] [SELL] SELL (Short) @ $1748.26
2026-06-18 18:16:50,950 - INFO - [ETH] Executed trade: SELL @ 1748.26 | Reason: Aggressive Signal
2026-06-18 18:18:19,093 - INFO - Closed SELL @ 64359.52 | PnL: -6.3519 | Reason: Stop Loss (ATR)
2026-06-18 18:18:19,127 - INFO - [NOTIFICATION] [STOP_LOSS] Stop Loss hit at $64359.52
2026-06-18 18:18:19,128 - INFO - [BTC] Position closed due to SL/TP.
2026-06-18 18:21:49,087 - INFO - Closed SELL @ 64375.96 | PnL: -6.9988 | Reason: Stop Loss (ATR)
2026-06-18 18:21:49,093 - INFO - [NOTIFICATION] [STOP_LOSS] Stop Loss hit at $64375.96
2026-06-18 18:21:49,093 - INFO - [BTC-Balanced] Position closed due to SL/TP.
2026-06-18 18:21:49,098 - INFO - Closed SELL @ 64375.96 | PnL: -7.0174 | Reason: Stop Loss (ATR)
2026-06-18 18:21:49,103 - INFO - [NOTIFICATION] [STOP_LOSS] Stop Loss hit at $64375.96
2026-06-18 18:21:49,103 - INFO - [BTC-Aggressive] Position closed due to SL/TP.
2026-06-18 18:21:49,109 - INFO - Closed SELL @ 64375.96 | PnL: -7.0174 | Reason: Stop Loss (ATR)
2026-06-18 18:21:49,115 - INFO - [NOTIFICATION] [STOP_LOSS] Stop Loss hit at $64375.96
2026-06-18 18:21:49,116 - INFO - [BTC-Scalper] Position closed due to SL/TP.
2026-06-18 18:21:50,530 - INFO - Closed SELL @ 1750.56 | PnL: -3.2577 | Reason: Aggressive Signal
2026-06-18 18:21:50,554 - INFO - [NOTIFICATION] [BUY] BUY closed Short @ $1750.56
2026-06-18 18:21:50,559 - INFO - Closed SELL @ 1750.56 | PnL: -3.2577 | Reason: Scalper Signal
2026-06-18 18:21:50,564 - INFO - [NOTIFICATION] [BUY] BUY closed Short @ $1750.56
2026-06-18 18:21:50,769 - INFO - [NOTIFICATION] [SELL] SELL (Short) @ $71.57
2026-06-18 18:21:50,776 - INFO - [NOTIFICATION] [SELL] SELL (Short) @ $71.57
2026-06-18 18:21:51,106 - INFO - Closed SELL @ 64375.95 | PnL: -6.9901 | Reason: Stop Loss (ATR)
2026-06-18 18:21:51,111 - INFO - [NOTIFICATION] [STOP_LOSS] Stop Loss hit at $64375.95
2026-06-18 18:21:51,112 - INFO - [BTC] Position closed due to SL/TP.
2026-06-18 18:21:52,497 - INFO - Closed SELL @ 1750.57 | PnL: -3.2851 | Reason: Aggressive Signal
2026-06-18 18:21:52,502 - INFO - [NOTIFICATION] [BUY] BUY closed Short @ $1750.57
2026-06-18 18:21:52,503 - INFO - [ETH] Executed trade: BUY @ 1750.57 | Reason: Aggressive Signal
2026-06-18 18:21:54,083 - INFO - [NOTIFICATION] [SELL] SELL (Short) @ $71.57
2026-06-18 18:21:54,083 - INFO - [SOL] Executed trade: SELL @ 71.57 | Reason: Aggressive Signal
2026-06-18 18:23:21,805 - INFO - Closed SELL @ 71.60 | PnL: -11.6455 | Reason: Stop Loss (ATR)
2026-06-18 18:23:21,880 - INFO - [NOTIFICATION] [STOP_LOSS] Stop Loss hit at $71.60
2026-06-18 18:23:21,880 - INFO - [SOL] Position closed due to SL/TP.
2026-06-18 18:26:55,654 - INFO - [SOL] Executed trade: SELL @ 71.5 | Reason: Aggressive Signal
2026-06-18 18:31:52,416 - INFO - [NOTIFICATION] [BUY] BUY (Long) @ $64420.44
2026-06-18 18:31:52,423 - INFO - [NOTIFICATION] [BUY] BUY (Long) @ $64420.44
2026-06-18 18:31:54,357 - INFO - [NOTIFICATION] [BUY] BUY (Long) @ $64420.43
2026-06-18 18:31:54,358 - INFO - [BTC] Executed trade: BUY @ 64420.43 | Reason: Aggressive Signal
2026-06-18 18:31:57,302 - INFO - [SOL] Executed trade: SELL @ 71.57 | Reason: Aggressive Signal
2026-06-18 18:36:54,040 - INFO - Closed BUY @ 64401.39 | PnL: -0.7392 | Reason: Aggressive Signal
2026-06-18 18:36:54,046 - INFO - [NOTIFICATION] [SELL] SELL closed Long @ $64401.39
2026-06-18 18:36:54,050 - INFO - Closed BUY @ 64401.39 | PnL: -0.7392 | Reason: Scalper Signal
2026-06-18 18:36:54,056 - INFO - [NOTIFICATION] [SELL] SELL closed Long @ $64401.39
2026-06-18 18:36:55,596 - INFO - [NOTIFICATION] [BUY] BUY (Long) @ $1750.00
2026-06-18 18:36:55,603 - INFO - [NOTIFICATION] [BUY] BUY (Long) @ $1750.00
2026-06-18 18:36:55,808 - INFO - Closed SELL @ 71.60 | PnL: -1.0466 | Reason: Aggressive Signal
2026-06-18 18:36:55,812 - INFO - [NOTIFICATION] [BUY] BUY closed Short @ $71.60
2026-06-18 18:36:55,816 - INFO - Closed SELL @ 71.60 | PnL: -1.0466 | Reason: Scalper Signal
2026-06-18 18:36:55,820 - INFO - [NOTIFICATION] [BUY] BUY closed Short @ $71.60
2026-06-18 18:36:56,020 - INFO - Closed BUY @ 64403.99 | PnL: -0.6355 | Reason: Aggressive Signal
2026-06-18 18:36:56,025 - INFO - [NOTIFICATION] [SELL] SELL closed Long @ $64403.99
2026-06-18 18:36:56,025 - INFO - [BTC] Executed trade: SELL @ 64403.99 | Reason: Aggressive Signal
2026-06-18 18:36:58,894 - INFO - Closed SELL @ 71.60 | PnL: -1.0522 | Reason: Aggressive Signal
2026-06-18 18:36:58,899 - INFO - [NOTIFICATION] [BUY] BUY closed Short @ $71.60
2026-06-18 18:36:58,899 - INFO - [SOL] Executed trade: BUY @ 71.6 | Reason: Aggressive Signal
2026-06-18 18:40:31,447 - INFO - [NOTIFICATION] [BUY] BUY (Long) @ $64425.99
