2026-06-17 17:03:15 | Buy: 1 | Sell: 2 | Hold: 2 | Consensus: SELL | Executed: No | Reason: Threshold check
2026-06-17 17:03:45 | Buy: 1 | Sell: 2 | Hold: 2 | Consensus: SELL | Executed: No | Reason: Threshold check
2026-06-17 17:04:16 | Buy: 1 | Sell: 2 | Hold: 2 | Consensus: SELL | Executed: No | Reason: Threshold check
2026-06-17 17:04:47 | Buy: 1 | Sell: 2 | Hold: 2 | Consensus: SELL | Executed: No | Reason: Threshold check
2026-06-17 17:05:17 | Buy: 1 | Sell: 2 | Hold: 2 | Consensus: SELL | Executed: No | Reason: Threshold check
2026-06-17 17:05:48 | Buy: 1 | Sell: 2 | Hold: 2 | Consensus: SELL | Executed: No | Reason: Threshold check
2026-06-17 17:06:19 | Buy: 1 | Sell: 2 | Hold: 2 | Consensus: SELL | Executed: No | Reason: Threshold check
2026-06-17 17:06:49 | Buy: 1 | Sell: 2 | Hold: 2 | Consensus: SELL | Executed: No | Reason: Threshold check
2026-06-17 17:07:20 | Buy: 1 | Sell: 2 | Hold: 2 | Consensus: SELL | Executed: No | Reason: Threshold check
2026-06-17 17:07:51 | Buy: 1 | Sell: 2 | Hold: 2 | Consensus: SELL | Executed: No | Reason: Threshold check
2026-06-17 17:08:21 | Buy: 1 | Sell: 2 | Hold: 2 | Consensus: SELL | Executed: No | Reason: Threshold check
2026-06-17 17:08:52 | Buy: 1 | Sell: 2 | Hold: 2 | Consensus: SELL | Executed: No | Reason: Threshold check
2026-06-17 17:09:23 | Buy: 1 | Sell: 2 | Hold: 2 | Consensus: SELL | Executed: No | Reason: Threshold check
2026-06-17 17:20:14 | Buy: 0 | Sell: 3 | Hold: 2 | Consensus: SELL | Executed: No | Reason: Long Only mode blocks opening Shorts
2026-06-17 17:20:39 | Buy: 0 | Sell: 3 | Hold: 2 | Consensus: SELL | Executed: Yes | Reason: N/A
2026-06-17 17:21:10 | Buy: 0 | Sell: 3 | Hold: 2 | Consensus: SELL | Executed: Yes | Reason: N/A
2026-06-17 17:21:40 | Buy: 0 | Sell: 3 | Hold: 2 | Consensus: SELL | Executed: No | Reason: Long Only mode blocks opening Shorts
2026-06-17 17:22:11 | Buy: 0 | Sell: 3 | Hold: 2 | Consensus: SELL | Executed: No | Reason: Long Only mode blocks opening Shorts
2026-06-17 17:22:42 | Buy: 0 | Sell: 3 | Hold: 2 | Consensus: SELL | Executed: No | Reason: Long Only mode blocks opening Shorts
2026-06-17 17:23:12 | Buy: 0 | Sell: 3 | Hold: 2 | Consensus: SELL | Executed: No | Reason: Long Only mode blocks opening Shorts
2026-06-17 17:23:43 | Buy: 1 | Sell: 2 | Hold: 2 | Consensus: SELL | Executed: No | Reason: Long Only mode blocks opening Shorts
2026-06-17 17:24:14 | Buy: 1 | Sell: 2 | Hold: 2 | Consensus: SELL | Executed: No | Reason: Long Only mode blocks opening Shorts
2026-06-17 17:24:44 | Buy: 0 | Sell: 3 | Hold: 2 | Consensus: SELL | Executed: No | Reason: Long Only mode blocks opening Shorts
2026-06-17 17:25:15 | Buy: 1 | Sell: 2 | Hold: 2 | Consensus: SELL | Executed: No | Reason: Long Only mode blocks opening Shorts
2026-06-17 17:25:45 | Buy: 1 | Sell: 2 | Hold: 2 | Consensus: SELL | Executed: No | Reason: Long Only mode blocks opening Shorts
2026-06-17 17:26:16 | Buy: 1 | Sell: 2 | Hold: 2 | Consensus: SELL | Executed: No | Reason: Long Only mode blocks opening Shorts
2026-06-17 17:26:47 | Buy: 1 | Sell: 2 | Hold: 2 | Consensus: SELL | Executed: No | Reason: Long Only mode blocks opening Shorts
2026-06-17 17:27:17 | Buy: 1 | Sell: 2 | Hold: 2 | Consensus: SELL | Executed: No | Reason: Long Only mode blocks opening Shorts
2026-06-17 17:27:48 | Buy: 0 | Sell: 2 | Hold: 3 | Consensus: SELL | Executed: No | Reason: Long Only mode blocks opening Shorts
2026-06-17 17:28:18 | Buy: 1 | Sell: 2 | Hold: 2 | Consensus: SELL | Executed: No | Reason: Long Only mode blocks opening Shorts
2026-06-17 17:28:49 | Buy: 1 | Sell: 2 | Hold: 2 | Consensus: SELL | Executed: No | Reason: Long Only mode blocks opening Shorts
2026-06-17 17:29:19 | Buy: 1 | Sell: 2 | Hold: 2 | Consensus: SELL | Executed: No | Reason: Long Only mode blocks opening Shorts
2026-06-17 17:29:50 | Buy: 1 | Sell: 2 | Hold: 2 | Consensus: SELL | Executed: No | Reason: Long Only mode blocks opening Shorts
2026-06-17 17:30:21 | Buy: 1 | Sell: 2 | Hold: 2 | Consensus: SELL | Executed: No | Reason: Long Only mode blocks opening Shorts
2026-06-17 17:30:51 | Buy: 1 | Sell: 2 | Hold: 2 | Consensus: SELL | Executed: No | Reason: Long Only mode blocks opening Shorts
2026-06-17 17:31:22 | Buy: 1 | Sell: 2 | Hold: 2 | Consensus: SELL | Executed: No | Reason: Long Only mode blocks opening Shorts
2026-06-17 17:31:52 | Buy: 1 | Sell: 2 | Hold: 2 | Consensus: SELL | Executed: No | Reason: Long Only mode blocks opening Shorts
2026-06-17 17:32:23 | Buy: 1 | Sell: 2 | Hold: 2 | Consensus: SELL | Executed: No | Reason: Long Only mode blocks opening Shorts
2026-06-17 17:32:54 | Buy: 0 | Sell: 2 | Hold: 3 | Consensus: SELL | Executed: No | Reason: Long Only mode blocks opening Shorts
2026-06-17 17:33:24 | Buy: 1 | Sell: 2 | Hold: 2 | Consensus: SELL | Executed: No | Reason: Long Only mode blocks opening Shorts
2026-06-17 17:33:55 | Buy: 1 | Sell: 2 | Hold: 2 | Consensus: SELL | Executed: No | Reason: Long Only mode blocks opening Shorts
2026-06-17 17:34:25 | Buy: 0 | Sell: 3 | Hold: 2 | Consensus: SELL | Executed: No | Reason: Long Only mode blocks opening Shorts
2026-06-17 17:34:56 | Buy: 0 | Sell: 3 | Hold: 2 | Consensus: SELL | Executed: No | Reason: Long Only mode blocks opening Shorts
2026-06-17 17:35:27 | Buy: 0 | Sell: 3 | Hold: 2 | Consensus: SELL | Executed: No | Reason: Long Only mode blocks opening Shorts
2026-06-17 17:35:57 | Buy: 0 | Sell: 3 | Hold: 2 | Consensus: SELL | Executed: No | Reason: Long Only mode blocks opening Shorts
2026-06-17 17:36:28 | Buy: 0 | Sell: 3 | Hold: 2 | Consensus: SELL | Executed: No | Reason: Long Only mode blocks opening Shorts
2026-06-17 17:36:59 | Buy: 0 | Sell: 3 | Hold: 2 | Consensus: SELL | Executed: No | Reason: Long Only mode blocks opening Shorts
2026-06-17 17:37:30 | Buy: 0 | Sell: 2 | Hold: 3 | Consensus: SELL | Executed: No | Reason: Long Only mode blocks opening Shorts
2026-06-17 17:38:01 | Buy: 1 | Sell: 2 | Hold: 2 | Consensus: SELL | Executed: No | Reason: Long Only mode blocks opening Shorts
2026-06-17 17:38:32 | Buy: 0 | Sell: 3 | Hold: 2 | Consensus: SELL | Executed: No | Reason: Long Only mode blocks opening Shorts
2026-06-17 17:39:03 | Buy: 0 | Sell: 3 | Hold: 2 | Consensus: SELL | Executed: No | Reason: Long Only mode blocks opening Shorts
2026-06-17 17:39:34 | Buy: 0 | Sell: 3 | Hold: 2 | Consensus: SELL | Executed: No | Reason: Long Only mode blocks opening Shorts
2026-06-17 17:40:04 | Buy: 0 | Sell: 3 | Hold: 2 | Consensus: SELL | Executed: No | Reason: Long Only mode blocks opening Shorts
2026-06-17 17:40:35 | Buy: 0 | Sell: 3 | Hold: 2 | Consensus: SELL | Executed: No | Reason: Long Only mode blocks opening Shorts
2026-06-17 17:41:06 | Buy: 0 | Sell: 3 | Hold: 2 | Consensus: SELL | Executed: No | Reason: Long Only mode blocks opening Shorts
2026-06-17 17:41:37 | Buy: 0 | Sell: 3 | Hold: 2 | Consensus: SELL | Executed: No | Reason: Long Only mode blocks opening Shorts
2026-06-17 17:42:08 | Buy: 0 | Sell: 3 | Hold: 2 | Consensus: SELL | Executed: No | Reason: Long Only mode blocks opening Shorts
2026-06-17 17:42:39 | Buy: 0 | Sell: 3 | Hold: 2 | Consensus: SELL | Executed: No | Reason: Long Only mode blocks opening Shorts
2026-06-17 17:43:09 | Buy: 0 | Sell: 3 | Hold: 2 | Consensus: SELL | Executed: No | Reason: Long Only mode blocks opening Shorts
2026-06-17 17:43:40 | Buy: 0 | Sell: 3 | Hold: 2 | Consensus: SELL | Executed: No | Reason: Long Only mode blocks opening Shorts
2026-06-17 17:44:11 | Buy: 0 | Sell: 3 | Hold: 2 | Consensus: SELL | Executed: No | Reason: Long Only mode blocks opening Shorts
2026-06-17 17:44:42 | Buy: 0 | Sell: 3 | Hold: 2 | Consensus: SELL | Executed: No | Reason: Long Only mode blocks opening Shorts
2026-06-17 17:45:13 | Buy: 0 | Sell: 3 | Hold: 2 | Consensus: SELL | Executed: No | Reason: Long Only mode blocks opening Shorts
2026-06-17 17:45:43 | Buy: 0 | Sell: 3 | Hold: 2 | Consensus: SELL | Executed: No | Reason: Long Only mode blocks opening Shorts
2026-06-17 17:46:14 | Buy: 0 | Sell: 3 | Hold: 2 | Consensus: SELL | Executed: No | Reason: Long Only mode blocks opening Shorts
2026-06-17 17:46:45 | Buy: 0 | Sell: 3 | Hold: 2 | Consensus: SELL | Executed: No | Reason: Long Only mode blocks opening Shorts
2026-06-17 17:47:16 | Buy: 1 | Sell: 2 | Hold: 2 | Consensus: SELL | Executed: No | Reason: Long Only mode blocks opening Shorts
2026-06-17 17:47:47 | Buy: 0 | Sell: 3 | Hold: 2 | Consensus: SELL | Executed: No | Reason: Long Only mode blocks opening Shorts
2026-06-17 17:48:17 | Buy: 0 | Sell: 3 | Hold: 2 | Consensus: SELL | Executed: No | Reason: Long Only mode blocks opening Shorts
2026-06-17 17:49:46 | Buy:1 Sell:2 Hold:2 | Consensus:HOLD | Regime:TRENDING | ADX:22.14 | ATR:82.73 | Executed:No | Reason:N/A
2026-06-17 17:50:17 | Buy:1 Sell:2 Hold:2 | Consensus:HOLD | Regime:TRENDING | ADX:22.14 | ATR:82.76 | Executed:No | Reason:N/A
2026-06-17 17:50:47 | Buy:1 Sell:2 Hold:2 | Consensus:HOLD | Regime:TRENDING | ADX:22.14 | ATR:82.76 | Executed:No | Reason:N/A
2026-06-17 17:51:18 | Buy:1 Sell:2 Hold:2 | Consensus:HOLD | Regime:TRENDING | ADX:22.14 | ATR:82.76 | Executed:No | Reason:N/A
2026-06-17 17:51:49 | Buy:2 Sell:1 Hold:2 | Consensus:HOLD | Regime:TRENDING | ADX:22.14 | ATR:82.76 | Executed:No | Reason:N/A
2026-06-17 17:52:20 | Buy:1 Sell:2 Hold:2 | Consensus:HOLD | Regime:TRENDING | ADX:22.14 | ATR:82.76 | Executed:No | Reason:N/A
2026-06-17 17:52:50 | Buy:0 Sell:4 Hold:1 | Consensus:SELL | Regime:TRENDING | ADX:23.27 | ATR:82.85 | Executed:No | Reason:Long Only mode blocks opening Shorts
2026-06-17 17:53:21 | Buy:1 Sell:2 Hold:2 | Consensus:HOLD | Regime:TRENDING | ADX:23.37 | ATR:83.81 | Executed:No | Reason:N/A
2026-06-17 17:53:52 | Buy:1 Sell:2 Hold:2 | Consensus:HOLD | Regime:TRENDING | ADX:23.37 | ATR:86.27 | Executed:No | Reason:N/A
2026-06-17 17:54:22 | Buy:2 Sell:1 Hold:2 | Consensus:HOLD | Regime:TRENDING | ADX:23.37 | ATR:86.38 | Executed:No | Reason:N/A
2026-06-17 17:54:53 | Buy:2 Sell:1 Hold:2 | Consensus:HOLD | Regime:TRENDING | ADX:23.37 | ATR:87.38 | Executed:No | Reason:N/A
2026-06-17 17:55:24 | Buy:2 Sell:1 Hold:2 | Consensus:HOLD | Regime:TRENDING | ADX:23.37 | ATR:89.24 | Executed:No | Reason:N/A
2026-06-17 17:55:54 | Buy:2 Sell:1 Hold:2 | Consensus:HOLD | Regime:TRENDING | ADX:23.37 | ATR:90.38 | Executed:No | Reason:N/A
2026-06-17 17:56:25 | Buy:2 Sell:1 Hold:2 | Consensus:HOLD | Regime:TRENDING | ADX:23.37 | ATR:90.38 | Executed:No | Reason:N/A
2026-06-17 17:56:56 | Buy:2 Sell:1 Hold:2 | Consensus:HOLD | Regime:TRENDING | ADX:21.83 | ATR:91.05 | Executed:No | Reason:N/A
2026-06-17 17:57:26 | Buy:2 Sell:1 Hold:2 | Consensus:HOLD | Regime:TRENDING | ADX:21.83 | ATR:91.05 | Executed:No | Reason:N/A
2026-06-17 17:57:57 | Buy:1 Sell:2 Hold:2 | Consensus:HOLD | Regime:TRENDING | ADX:21.27 | ATR:86.5 | Executed:No | Reason:N/A
2026-06-17 17:58:28 | Buy:1 Sell:2 Hold:2 | Consensus:HOLD | Regime:TRENDING | ADX:21.14 | ATR:87.12 | Executed:No | Reason:N/A
2026-06-17 17:58:59 | Buy:1 Sell:2 Hold:2 | Consensus:HOLD | Regime:TRENDING | ADX:20.74 | ATR:89.22 | Executed:No | Reason:N/A
2026-06-17 17:59:29 | Buy:1 Sell:2 Hold:2 | Consensus:HOLD | Regime:TRENDING | ADX:20.53 | ATR:90.36 | Executed:No | Reason:N/A
2026-06-17 18:00:00 | Buy:1 Sell:2 Hold:2 | Consensus:HOLD | Regime:TRENDING | ADX:20.53 | ATR:90.36 | Executed:No | Reason:N/A
2026-06-17 18:00:31 | Buy:1 Sell:2 Hold:2 | Consensus:HOLD | Regime:TRENDING | ADX:20.53 | ATR:90.36 | Executed:No | Reason:N/A
2026-06-17 18:01:01 | Buy:1 Sell:2 Hold:2 | Consensus:HOLD | Regime:TRENDING | ADX:20.53 | ATR:90.36 | Executed:No | Reason:N/A
2026-06-17 18:01:32 | Buy:1 Sell:2 Hold:2 | Consensus:HOLD | Regime:TRENDING | ADX:20.53 | ATR:90.36 | Executed:No | Reason:N/A
2026-06-17 18:02:03 | Buy:1 Sell:2 Hold:2 | Consensus:HOLD | Regime:TRENDING | ADX:20.53 | ATR:90.36 | Executed:No | Reason:N/A
2026-06-17 18:02:34 | Buy:0 Sell:2 Hold:3 | Consensus:HOLD | Regime:SIDEWAYS | ADX:19.33 | ATR:83.91 | Executed:No | Reason:N/A
2026-06-17 18:03:04 | Buy:0 Sell:3 Hold:2 | Consensus:HOLD | Regime:SIDEWAYS | ADX:19.33 | ATR:84.82 | Executed:No | Reason:Blocked – Sideways market (ADX 19.3 < 20)
2026-06-17 18:03:35 | Buy:1 Sell:2 Hold:2 | Consensus:HOLD | Regime:SIDEWAYS | ADX:19.33 | ATR:85.19 | Executed:No | Reason:N/A
2026-06-17 18:04:06 | Buy:0 Sell:3 Hold:2 | Consensus:HOLD | Regime:SIDEWAYS | ADX:19.33 | ATR:85.19 | Executed:No | Reason:Blocked – Sideways market (ADX 19.3 < 20)
2026-06-17 18:04:37 | Buy:1 Sell:2 Hold:2 | Consensus:HOLD | Regime:SIDEWAYS | ADX:19.33 | ATR:85.33 | Executed:No | Reason:N/A
2026-06-17 18:05:07 | Buy:1 Sell:2 Hold:2 | Consensus:HOLD | Regime:SIDEWAYS | ADX:19.33 | ATR:86.63 | Executed:No | Reason:N/A
2026-06-17 18:05:38 | Buy:1 Sell:2 Hold:2 | Consensus:HOLD | Regime:SIDEWAYS | ADX:19.33 | ATR:87.5 | Executed:No | Reason:N/A
2026-06-17 18:06:09 | Buy:1 Sell:2 Hold:2 | Consensus:HOLD | Regime:SIDEWAYS | ADX:19.26 | ATR:88.62 | Executed:No | Reason:N/A
2026-06-17 18:06:40 | Buy:1 Sell:2 Hold:2 | Consensus:HOLD | Regime:SIDEWAYS | ADX:19.21 | ATR:88.9 | Executed:No | Reason:N/A
2026-06-17 18:07:11 | Buy:1 Sell:2 Hold:2 | Consensus:HOLD | Regime:SIDEWAYS | ADX:19.39 | ATR:91.68 | Executed:No | Reason:N/A
2026-06-17 18:07:41 | Buy:1 Sell:2 Hold:2 | Consensus:HOLD | Regime:SIDEWAYS | ADX:18.64 | ATR:86.63 | Executed:No | Reason:N/A
2026-06-17 18:08:12 | Buy:1 Sell:2 Hold:2 | Consensus:HOLD | Regime:SIDEWAYS | ADX:19.18 | ATR:90.27 | Executed:No | Reason:N/A
2026-06-17 18:08:43 | Buy:1 Sell:2 Hold:2 | Consensus:HOLD | Regime:SIDEWAYS | ADX:19.21 | ATR:90.55 | Executed:No | Reason:N/A
2026-06-17 18:09:14 | Buy:1 Sell:2 Hold:2 | Consensus:HOLD | Regime:SIDEWAYS | ADX:19.21 | ATR:90.55 | Executed:No | Reason:N/A
2026-06-17 18:09:45 | Buy:1 Sell:2 Hold:2 | Consensus:HOLD | Regime:SIDEWAYS | ADX:19.21 | ATR:90.55 | Executed:No | Reason:N/A
2026-06-17 18:10:16 | Buy:1 Sell:2 Hold:2 | Consensus:HOLD | Regime:SIDEWAYS | ADX:19.42 | ATR:92.15 | Executed:No | Reason:N/A
2026-06-17 18:10:46 | Buy:1 Sell:2 Hold:2 | Consensus:HOLD | Regime:SIDEWAYS | ADX:19.71 | ATR:94.55 | Executed:No | Reason:N/A
2026-06-17 18:11:17 | Buy:2 Sell:1 Hold:2 | Consensus:HOLD | Regime:TRENDING | ADX:20.22 | ATR:99.55 | Executed:No | Reason:N/A
2026-06-17 18:11:48 | Buy:2 Sell:1 Hold:2 | Consensus:HOLD | Regime:TRENDING | ADX:20.22 | ATR:99.55 | Executed:No | Reason:N/A
2026-06-17 18:12:18 | Buy:2 Sell:1 Hold:2 | Consensus:HOLD | Regime:TRENDING | ADX:20.22 | ATR:99.55 | Executed:No | Reason:N/A
2026-06-17 18:12:49 | Buy:0 Sell:3 Hold:2 | Consensus:SELL | Regime:TRENDING | ADX:20.89 | ATR:92.87 | Executed:No | Reason:Long Only mode blocks opening Shorts
2026-06-17 18:13:20 | Buy:0 Sell:3 Hold:2 | Consensus:SELL | Regime:TRENDING | ADX:20.89 | ATR:94.09 | Executed:No | Reason:Long Only mode blocks opening Shorts
2026-06-17 18:13:51 | Buy:0 Sell:3 Hold:2 | Consensus:SELL | Regime:TRENDING | ADX:20.89 | ATR:95.0 | Executed:No | Reason:Long Only mode blocks opening Shorts
2026-06-17 18:14:22 | Buy:0 Sell:3 Hold:2 | Consensus:SELL | Regime:TRENDING | ADX:20.89 | ATR:95.0 | Executed:No | Reason:Long Only mode blocks opening Shorts
2026-06-17 18:14:54 | Buy:0 Sell:3 Hold:2 | Consensus:SELL | Regime:TRENDING | ADX:20.89 | ATR:95.01 | Executed:No | Reason:Long Only mode blocks opening Shorts
2026-06-17 18:15:24 | Buy:0 Sell:3 Hold:2 | Consensus:SELL | Regime:TRENDING | ADX:20.89 | ATR:97.01 | Executed:No | Reason:Long Only mode blocks opening Shorts
2026-06-17 20:33:08 | Buy:2 Sell:1 Hold:2 | Consensus:HOLD | Regime:TRENDING | Executed:No | Reason:N/A
2026-06-17 20:43:31 | Buy:2 Sell:1 Hold:2 | Consensus:HOLD | Regime:TRENDING | Executed:No | Reason:N/A
2026-06-17 20:44:02 | Buy:2 Sell:1 Hold:2 | Consensus:HOLD | Regime:TRENDING | Executed:No | Reason:N/A
2026-06-17 20:44:34 | Buy:2 Sell:1 Hold:2 | Consensus:HOLD | Regime:TRENDING | Executed:No | Reason:N/A
2026-06-17 20:45:05 | Buy:2 Sell:1 Hold:2 | Consensus:HOLD | Regime:TRENDING | Executed:No | Reason:N/A
2026-06-17 20:45:36 | Buy:2 Sell:1 Hold:2 | Consensus:HOLD | Regime:TRENDING | Executed:No | Reason:N/A
2026-06-17 20:46:07 | Buy:2 Sell:1 Hold:2 | Consensus:HOLD | Regime:TRENDING | Executed:No | Reason:N/A
2026-06-17 20:46:39 | Buy:2 Sell:1 Hold:2 | Consensus:HOLD | Regime:TRENDING | Executed:No | Reason:N/A
2026-06-17 20:46:43 | Buy:2 Sell:1 Hold:2 | Consensus:HOLD | Regime:TRENDING | Executed:No | Reason:N/A
2026-06-17 20:46:44 | Buy:2 Sell:1 Hold:2 | Consensus:HOLD | Regime:TRENDING | Executed:No | Reason:N/A
2026-06-17 20:46:45 | Buy:2 Sell:1 Hold:2 | Consensus:HOLD | Regime:TRENDING | Executed:No | Reason:N/A
2026-06-17 20:46:47 | Buy:2 Sell:1 Hold:2 | Consensus:HOLD | Regime:TRENDING | Executed:No | Reason:N/A
2026-06-17 20:47:18 | Buy:2 Sell:1 Hold:2 | Consensus:HOLD | Regime:TRENDING | Executed:No | Reason:N/A
2026-06-17 20:47:50 | Buy:3 Sell:1 Hold:1 | Consensus:HOLD | Regime:TRENDING | Executed:No | Reason:MTF blocked — 15m trend is BEARISH, not BULLISH
2026-06-17 20:48:21 | Buy:3 Sell:1 Hold:1 | Consensus:HOLD | Regime:TRENDING | Executed:No | Reason:MTF blocked — 15m trend is BEARISH, not BULLISH
2026-06-17 20:48:52 | Buy:3 Sell:1 Hold:1 | Consensus:HOLD | Regime:TRENDING | Executed:No | Reason:MTF blocked — 15m trend is BEARISH, not BULLISH
2026-06-17 20:49:24 | Buy:3 Sell:1 Hold:1 | Consensus:HOLD | Regime:TRENDING | Executed:No | Reason:MTF blocked — 15m trend is BEARISH, not BULLISH
2026-06-17 20:49:55 | Buy:2 Sell:2 Hold:1 | Consensus:HOLD | Regime:TRENDING | Executed:No | Reason:N/A
2026-06-17 20:50:27 | Buy:3 Sell:1 Hold:1 | Consensus:HOLD | Regime:TRENDING | Executed:No | Reason:MTF blocked — 15m trend is BEARISH, not BULLISH
2026-06-17 20:50:58 | Buy:3 Sell:1 Hold:1 | Consensus:HOLD | Regime:TRENDING | Executed:No | Reason:MTF blocked — 15m trend is BEARISH, not BULLISH
2026-06-17 20:51:29 | Buy:3 Sell:1 Hold:1 | Consensus:HOLD | Regime:TRENDING | Executed:No | Reason:MTF blocked — 15m trend is BEARISH, not BULLISH
2026-06-17 20:52:01 | Buy:3 Sell:1 Hold:1 | Consensus:HOLD | Regime:TRENDING | Executed:No | Reason:MTF blocked — 15m trend is BEARISH, not BULLISH
2026-06-17 20:52:32 | Buy:2 Sell:1 Hold:2 | Consensus:HOLD | Regime:TRENDING | Executed:No | Reason:N/A
2026-06-17 20:53:03 | Buy:1 Sell:2 Hold:2 | Consensus:HOLD | Regime:TRENDING | Executed:No | Reason:N/A
2026-06-17 20:53:35 | Buy:1 Sell:2 Hold:2 | Consensus:HOLD | Regime:TRENDING | Executed:No | Reason:N/A
2026-06-17 20:54:06 | Buy:1 Sell:2 Hold:2 | Consensus:HOLD | Regime:TRENDING | Executed:No | Reason:N/A
2026-06-17 20:54:37 | Buy:1 Sell:2 Hold:2 | Consensus:HOLD | Regime:TRENDING | Executed:No | Reason:N/A
2026-06-17 20:55:08 | Buy:1 Sell:2 Hold:2 | Consensus:HOLD | Regime:TRENDING | Executed:No | Reason:N/A
2026-06-17 20:55:40 | Buy:2 Sell:1 Hold:2 | Consensus:HOLD | Regime:TRENDING | Executed:No | Reason:N/A
2026-06-17 20:55:55 | Buy:2 Sell:1 Hold:2 | Consensus:HOLD | Regime:TRENDING | Executed:No | Reason:N/A
2026-06-17 20:56:26 | Buy:2 Sell:1 Hold:2 | Consensus:HOLD | Regime:TRENDING | Executed:No | Reason:N/A
2026-06-17 20:56:56 | Buy:2 Sell:1 Hold:2 | Consensus:HOLD | Regime:TRENDING | Executed:No | Reason:N/A
2026-06-17 20:57:27 | Buy:2 Sell:1 Hold:2 | Consensus:HOLD | Regime:TRENDING | Executed:No | Reason:N/A
2026-06-17 20:57:58 | Buy:1 Sell:2 Hold:2 | Consensus:HOLD | Regime:TRENDING | Executed:No | Reason:N/A
2026-06-17 20:58:28 | Buy:1 Sell:2 Hold:2 | Consensus:HOLD | Regime:TRENDING | Executed:No | Reason:N/A
2026-06-17 20:58:59 | Buy:1 Sell:2 Hold:2 | Consensus:HOLD | Regime:TRENDING | Executed:No | Reason:N/A
2026-06-17 20:59:30 | Buy:2 Sell:1 Hold:2 | Consensus:HOLD | Regime:TRENDING | Executed:No | Reason:N/A
2026-06-17 21:00:01 | Buy:2 Sell:1 Hold:2 | Consensus:HOLD | Regime:TRENDING | Executed:No | Reason:N/A
2026-06-17 21:00:31 | Buy:2 Sell:1 Hold:2 | Consensus:HOLD | Regime:TRENDING | Executed:No | Reason:N/A
2026-06-17 21:01:02 | Buy:2 Sell:1 Hold:2 | Consensus:HOLD | Regime:TRENDING | Executed:No | Reason:N/A
2026-06-17 21:01:33 | Buy:2 Sell:1 Hold:2 | Consensus:HOLD | Regime:TRENDING | Executed:No | Reason:N/A
2026-06-17 21:02:03 | Buy:3 Sell:0 Hold:2 | Consensus:BUY | Regime:TRENDING | Executed:Yes | Reason:
2026-06-17 21:02:35 | Buy:1 Sell:2 Hold:2 | Consensus:HOLD | Regime:TRENDING | Executed:No | Reason:N/A
2026-06-17 21:03:05 | Buy:1 Sell:2 Hold:2 | Consensus:HOLD | Regime:TRENDING | Executed:No | Reason:N/A
2026-06-17 21:03:36 | Buy:1 Sell:2 Hold:2 | Consensus:HOLD | Regime:TRENDING | Executed:No | Reason:N/A
2026-06-17 21:04:07 | Buy:2 Sell:1 Hold:2 | Consensus:HOLD | Regime:TRENDING | Executed:No | Reason:N/A
2026-06-17 21:04:37 | Buy:2 Sell:1 Hold:2 | Consensus:HOLD | Regime:TRENDING | Executed:No | Reason:N/A
2026-06-17 21:05:08 | Buy:2 Sell:1 Hold:2 | Consensus:HOLD | Regime:TRENDING | Executed:No | Reason:N/A
2026-06-17 21:05:39 | Buy:2 Sell:1 Hold:2 | Consensus:HOLD | Regime:TRENDING | Executed:No | Reason:N/A
2026-06-17 21:06:10 | Buy:2 Sell:1 Hold:2 | Consensus:HOLD | Regime:TRENDING | Executed:No | Reason:N/A
2026-06-17 21:06:40 | Buy:1 Sell:2 Hold:2 | Consensus:HOLD | Regime:TRENDING | Executed:No | Reason:N/A
2026-06-17 21:07:11 | Buy:2 Sell:1 Hold:2 | Consensus:HOLD | Regime:TRENDING | Executed:No | Reason:N/A
2026-06-17 21:07:42 | Buy:1 Sell:2 Hold:2 | Consensus:HOLD | Regime:TRENDING | Executed:No | Reason:N/A
2026-06-17 21:08:13 | Buy:1 Sell:2 Hold:2 | Consensus:HOLD | Regime:TRENDING | Executed:No | Reason:N/A
2026-06-17 21:08:42 | Buy:1 Sell:2 Hold:2 | Consensus:HOLD | Regime:TRENDING | Executed:No | Reason:N/A
2026-06-17 21:09:13 | Buy:2 Sell:1 Hold:2 | Consensus:HOLD | Regime:TRENDING | Executed:No | Reason:N/A
2026-06-17 21:09:44 | Buy:2 Sell:1 Hold:2 | Consensus:HOLD | Regime:TRENDING | Executed:No | Reason:N/A
2026-06-17 21:10:15 | Buy:2 Sell:1 Hold:2 | Consensus:HOLD | Regime:TRENDING | Executed:No | Reason:N/A
2026-06-17 21:10:46 | Buy:2 Sell:1 Hold:2 | Consensus:HOLD | Regime:TRENDING | Executed:No | Reason:N/A
2026-06-17 21:11:18 | Buy:2 Sell:1 Hold:2 | Consensus:HOLD | Regime:TRENDING | Executed:No | Reason:N/A
2026-06-17 21:11:49 | Buy:3 Sell:0 Hold:2 | Consensus:HOLD | Regime:TRENDING | Executed:No | Reason:MTF blocked — 15m trend is BEARISH, not BULLISH
2026-06-17 21:12:20 | Buy:3 Sell:0 Hold:2 | Consensus:HOLD | Regime:TRENDING | Executed:No | Reason:MTF blocked — 15m trend is BEARISH, not BULLISH
2026-06-17 21:12:51 | Buy:2 Sell:2 Hold:1 | Consensus:HOLD | Regime:TRENDING | Executed:No | Reason:N/A
2026-06-17 21:13:23 | Buy:2 Sell:2 Hold:1 | Consensus:HOLD | Regime:TRENDING | Executed:No | Reason:N/A
2026-06-17 21:13:54 | Buy:3 Sell:1 Hold:1 | Consensus:HOLD | Regime:TRENDING | Executed:No | Reason:MTF blocked — 15m trend is BEARISH, not BULLISH
2026-06-17 21:14:25 | Buy:3 Sell:1 Hold:1 | Consensus:HOLD | Regime:TRENDING | Executed:No | Reason:MTF blocked — 15m trend is BEARISH, not BULLISH
2026-06-17 21:14:56 | Buy:3 Sell:1 Hold:1 | Consensus:HOLD | Regime:TRENDING | Executed:No | Reason:MTF blocked — 15m trend is BEARISH, not BULLISH
2026-06-17 21:15:28 | Buy:3 Sell:1 Hold:1 | Consensus:HOLD | Regime:TRENDING | Executed:No | Reason:MTF blocked — 15m trend is BEARISH, not BULLISH
2026-06-17 21:15:59 | Buy:3 Sell:0 Hold:2 | Consensus:HOLD | Regime:TRENDING | Executed:No | Reason:MTF blocked — 15m trend is BEARISH, not BULLISH
2026-06-17 21:16:30 | Buy:3 Sell:0 Hold:2 | Consensus:HOLD | Regime:TRENDING | Executed:No | Reason:MTF blocked — 15m trend is BEARISH, not BULLISH
2026-06-17 21:17:01 | Buy:3 Sell:0 Hold:2 | Consensus:HOLD | Regime:TRENDING | Executed:No | Reason:MTF blocked — 15m trend is BEARISH, not BULLISH
2026-06-17 21:17:32 | Buy:2 Sell:1 Hold:2 | Consensus:HOLD | Regime:TRENDING | Executed:No | Reason:N/A
2026-06-17 21:18:04 | Buy:1 Sell:2 Hold:2 | Consensus:HOLD | Regime:TRENDING | Executed:No | Reason:N/A
2026-06-17 21:18:36 | Buy:1 Sell:2 Hold:2 | Consensus:HOLD | Regime:TRENDING | Executed:No | Reason:N/A
2026-06-17 21:19:07 | Buy:2 Sell:1 Hold:2 | Consensus:HOLD | Regime:TRENDING | Executed:No | Reason:N/A
2026-06-17 21:19:39 | Buy:2 Sell:2 Hold:1 | Consensus:HOLD | Regime:TRENDING | Executed:No | Reason:N/A
2026-06-17 21:20:10 | Buy:2 Sell:1 Hold:2 | Consensus:HOLD | Regime:TRENDING | Executed:No | Reason:N/A
2026-06-17 21:20:42 | Buy:3 Sell:0 Hold:2 | Consensus:HOLD | Regime:TRENDING | Executed:No | Reason:MTF blocked — 15m trend is BEARISH, not BULLISH
2026-06-17 21:21:14 | Buy:3 Sell:0 Hold:2 | Consensus:HOLD | Regime:TRENDING | Executed:No | Reason:MTF blocked — 15m trend is BEARISH, not BULLISH
2026-06-17 21:21:45 | Buy:3 Sell:0 Hold:2 | Consensus:HOLD | Regime:TRENDING | Executed:No | Reason:MTF blocked — 15m trend is BEARISH, not BULLISH
2026-06-17 21:22:17 | Buy:3 Sell:1 Hold:1 | Consensus:HOLD | Regime:TRENDING | Executed:No | Reason:MTF blocked — 15m trend is BEARISH, not BULLISH
2026-06-17 21:22:48 | Buy:2 Sell:2 Hold:1 | Consensus:HOLD | Regime:TRENDING | Executed:No | Reason:N/A
2026-06-17 21:23:20 | Buy:2 Sell:2 Hold:1 | Consensus:HOLD | Regime:TRENDING | Executed:No | Reason:N/A
2026-06-17 21:23:51 | Buy:3 Sell:1 Hold:1 | Consensus:HOLD | Regime:TRENDING | Executed:No | Reason:MTF blocked — 15m trend is BEARISH, not BULLISH
2026-06-17 21:24:22 | Buy:3 Sell:1 Hold:1 | Consensus:HOLD | Regime:TRENDING | Executed:No | Reason:MTF blocked — 15m trend is BEARISH, not BULLISH
2026-06-17 21:24:53 | Buy:3 Sell:1 Hold:1 | Consensus:HOLD | Regime:TRENDING | Executed:No | Reason:MTF blocked — 15m trend is BEARISH, not BULLISH
2026-06-17 21:25:25 | Buy:3 Sell:1 Hold:1 | Consensus:HOLD | Regime:TRENDING | Executed:No | Reason:MTF blocked — 15m trend is BEARISH, not BULLISH
2026-06-17 21:25:56 | Buy:3 Sell:1 Hold:1 | Consensus:HOLD | Regime:TRENDING | Executed:No | Reason:MTF blocked — 15m trend is BEARISH, not BULLISH
2026-06-17 21:26:28 | Buy:3 Sell:1 Hold:1 | Consensus:HOLD | Regime:TRENDING | Executed:No | Reason:MTF blocked — 15m trend is BEARISH, not BULLISH
2026-06-17 21:26:59 | Buy:3 Sell:1 Hold:1 | Consensus:HOLD | Regime:TRENDING | Executed:No | Reason:MTF blocked — 15m trend is BEARISH, not BULLISH
2026-06-17 21:27:31 | Buy:2 Sell:2 Hold:1 | Consensus:HOLD | Regime:TRENDING | Executed:No | Reason:N/A
2026-06-17 21:28:03 | Buy:1 Sell:3 Hold:1 | Consensus:SELL | Regime:TRENDING | Executed:Yes | Reason:
2026-06-17 21:28:34 | Buy:1 Sell:3 Hold:1 | Consensus:HOLD | Regime:TRENDING | Executed:No | Reason:Blocked – Cooldown (2 candle(s) remaining)
2026-06-17 21:29:06 | Buy:1 Sell:3 Hold:1 | Consensus:HOLD | Regime:TRENDING | Executed:No | Reason:Blocked – Cooldown (1 candle(s) remaining)
2026-06-17 21:29:37 | Buy:1 Sell:2 Hold:2 | Consensus:HOLD | Regime:TRENDING | Executed:No | Reason:N/A
2026-06-17 21:30:09 | Buy:1 Sell:3 Hold:1 | Consensus:SELL | Regime:TRENDING | Executed:No | Reason:Long Only mode blocks Shorts
2026-06-17 21:30:40 | Buy:2 Sell:1 Hold:2 | Consensus:HOLD | Regime:TRENDING | Executed:No | Reason:N/A
2026-06-17 21:31:12 | Buy:2 Sell:2 Hold:1 | Consensus:HOLD | Regime:TRENDING | Executed:No | Reason:N/A
2026-06-17 21:31:43 | Buy:2 Sell:2 Hold:1 | Consensus:HOLD | Regime:TRENDING | Executed:No | Reason:N/A
2026-06-17 21:32:15 | Buy:2 Sell:2 Hold:1 | Consensus:HOLD | Regime:TRENDING | Executed:No | Reason:N/A
2026-06-17 21:32:46 | Buy:1 Sell:2 Hold:2 | Consensus:HOLD | Regime:TRENDING | Executed:No | Reason:N/A
2026-06-17 21:33:18 | Buy:1 Sell:2 Hold:2 | Consensus:HOLD | Regime:TRENDING | Executed:No | Reason:N/A
2026-06-17 21:33:49 | Buy:1 Sell:2 Hold:2 | Consensus:HOLD | Regime:TRENDING | Executed:No | Reason:N/A
2026-06-17 21:34:21 | Buy:1 Sell:2 Hold:2 | Consensus:HOLD | Regime:TRENDING | Executed:No | Reason:N/A
2026-06-17 21:34:52 | Buy:1 Sell:2 Hold:2 | Consensus:HOLD | Regime:TRENDING | Executed:No | Reason:N/A
2026-06-17 21:35:23 | Buy:1 Sell:2 Hold:2 | Consensus:HOLD | Regime:TRENDING | Executed:No | Reason:N/A
2026-06-17 21:35:55 | Buy:2 Sell:2 Hold:1 | Consensus:HOLD | Regime:TRENDING | Executed:No | Reason:N/A
2026-06-17 21:36:26 | Buy:2 Sell:2 Hold:1 | Consensus:HOLD | Regime:TRENDING | Executed:No | Reason:N/A
2026-06-17 21:36:58 | Buy:2 Sell:2 Hold:1 | Consensus:HOLD | Regime:TRENDING | Executed:No | Reason:N/A
2026-06-17 21:37:31 | Buy:2 Sell:2 Hold:1 | Consensus:HOLD | Regime:TRENDING | Executed:No | Reason:N/A
2026-06-17 21:38:03 | Buy:2 Sell:2 Hold:1 | Consensus:HOLD | Regime:TRENDING | Executed:No | Reason:N/A
2026-06-17 21:38:34 | Buy:2 Sell:2 Hold:1 | Consensus:HOLD | Regime:TRENDING | Executed:No | Reason:N/A
